{
    "/Users/apple5/Desktop/Projects/Week 10 Live Project/live-project-pod-h/server/dist/app.js": { "path": "/Users/apple5/Desktop/Projects/Week 10 Live Project/live-project-pod-h/server/dist/app.js", "all": false, "statementMap": { "0": { "start": { "line": 1, "column": 0 }, "end": { "line": 1, "column": 13 } }, "1": { "start": { "line": 2, "column": 0 }, "end": { "line": 2, "column": 72 } }, "2": { "start": { "line": 3, "column": 0 }, "end": { "line": 3, "column": 62 } }, "3": { "start": { "line": 4, "column": 0 }, "end": { "line": 4, "column": 2 } }, "4": { "start": { "line": 5, "column": 0 }, "end": { "line": 5, "column": 62 } }, "5": { "start": { "line": 6, "column": 0 }, "end": { "line": 6, "column": 62 } }, "6": { "start": { "line": 7, "column": 0 }, "end": { "line": 7, "column": 54 } }, "7": { "start": { "line": 8, "column": 0 }, "end": { "line": 8, "column": 66 } }, "8": { "start": { "line": 9, "column": 0 }, "end": { "line": 9, "column": 79 } }, "9": { "start": { "line": 10, "column": 0 }, "end": { "line": 10, "column": 48 } }, "10": { "start": { "line": 11, "column": 0 }, "end": { "line": 11, "column": 25 } }, "11": { "start": { "line": 12, "column": 0 }, "end": { "line": 12, "column": 57 } }, "12": { "start": { "line": 13, "column": 0 }, "end": { "line": 13, "column": 32 } }, "13": { "start": { "line": 14, "column": 0 }, "end": { "line": 14, "column": 17 } }, "14": { "start": { "line": 15, "column": 0 }, "end": { "line": 15, "column": 50 } }, "15": { "start": { "line": 16, "column": 0 }, "end": { "line": 16, "column": 2 } }, "16": { "start": { "line": 17, "column": 0 }, "end": { "line": 17, "column": 21 } }, "17": { "start": { "line": 18, "column": 0 }, "end": { "line": 18, "column": 21 } }, "18": { "start": { "line": 19, "column": 0 }, "end": { "line": 19, "column": 3 } }, "19": { "start": { "line": 20, "column": 0 }, "end": { "line": 20, "column": 37 } }, "20": { "start": { "line": 21, "column": 0 }, "end": { "line": 21, "column": 31 } }, "21": { "start": { "line": 22, "column": 0 }, "end": { "line": 22, "column": 34 } }, "22": { "start": { "line": 23, "column": 0 }, "end": { "line": 23, "column": 40 } }, "23": { "start": { "line": 24, "column": 0 }, "end": { "line": 24, "column": 59 } }, "24": { "start": { "line": 25, "column": 0 }, "end": { "line": 25, "column": 47 } }, "25": { "start": { "line": 26, "column": 0 }, "end": { "line": 26, "column": 33 } }, "26": { "start": { "line": 27, "column": 0 }, "end": { "line": 27, "column": 34 } }, "27": { "start": { "line": 28, "column": 0 }, "end": { "line": 28, "column": 35 } }, "28": { "start": { "line": 29, "column": 0 }, "end": { "line": 29, "column": 42 } }, "29": { "start": { "line": 30, "column": 0 }, "end": { "line": 30, "column": 3 } }, "30": { "start": { "line": 31, "column": 0 }, "end": { "line": 31, "column": 22 } } }, "s": { "0": 1, "1": 1, "2": 6, "3": 1, "4": 1, "5": 1, "6": 1, "7": 1, "8": 1, "9": 1, "10": 1, "11": 1, "12": 1, "13": 1, "14": 1, "15": 1, "16": 1, "17": 0, "18": 1, "19": 1, "20": 1, "21": 1, "22": 1, "23": 1, "24": 1, "25": 1, "26": 1, "27": 1, "28": 0, "29": 1, "30": 1 }, "branchMap": { "0": { "type": "branch", "line": 1, "loc": { "start": { "line": 1, "column": 0 }, "end": { "line": 31, "column": 22 } }, "locations": [{ "start": { "line": 1, "column": 0 }, "end": { "line": 31, "column": 22 } }] }, "1": { "type": "branch", "line": 1, "loc": { "start": { "line": 1, "column": 0 }, "end": { "line": 31, "column": 22 } }, "locations": [{ "start": { "line": 1, "column": 0 }, "end": { "line": 31, "column": 22 } }] }, "2": { "type": "branch", "line": 2, "loc": { "start": { "line": 2, "column": 56 }, "end": { "line": 4, "column": 1 } }, "locations": [{ "start": { "line": 2, "column": 56 }, "end": { "line": 4, "column": 1 } }] }, "3": { "type": "branch", "line": 3, "loc": { "start": { "line": 3, "column": 35 }, "end": { "line": 3, "column": 40 } }, "locations": [{ "start": { "line": 3, "column": 35 }, "end": { "line": 3, "column": 40 } }] }, "4": { "type": "branch", "line": 3, "loc": { "start": { "line": 3, "column": 41 }, "end": { "line": 3, "column": 61 } }, "locations": [{ "start": { "line": 3, "column": 41 }, "end": { "line": 3, "column": 61 } }] }, "5": { "type": "branch", "line": 14, "loc": { "start": { "line": 14, "column": 10 }, "end": { "line": 16, "column": 1 } }, "locations": [{ "start": { "line": 14, "column": 10 }, "end": { "line": 16, "column": 1 } }] } }, "b": { "0": [1], "1": [1], "2": [6], "3": [2], "4": [4], "5": [1] }, "fnMap": { "0": { "name": "Object.<anonymous>", "decl": { "start": { "line": 1, "column": 0 }, "end": { "line": 31, "column": 22 } }, "loc": { "start": { "line": 1, "column": 0 }, "end": { "line": 31, "column": 22 } }, "line": 1 }, "1": { "name": "Object.<anonymous>.__importDefault", "decl": { "start": { "line": 2, "column": 56 }, "end": { "line": 4, "column": 1 } }, "loc": { "start": { "line": 2, "column": 56 }, "end": { "line": 4, "column": 1 } }, "line": 2 } }, "f": { "0": 1, "1": 6 } },
    "/Users/apple5/Desktop/Projects/Week 10 Live Project/live-project-pod-h/server/dist/config/database.config.js": { "path": "/Users/apple5/Desktop/Projects/Week 10 Live Project/live-project-pod-h/server/dist/config/database.config.js", "all": false, "statementMap": { "0": { "start": { "line": 1, "column": 0 }, "end": { "line": 1, "column": 13 } }, "1": { "start": { "line": 2, "column": 0 }, "end": { "line": 2, "column": 62 } }, "2": { "start": { "line": 3, "column": 0 }, "end": { "line": 3, "column": 41 } }, "3": { "start": { "line": 4, "column": 0 }, "end": { "line": 4, "column": 53 } }, "4": { "start": { "line": 5, "column": 0 }, "end": { "line": 5, "column": 33 } }, "5": { "start": { "line": 6, "column": 0 }, "end": { "line": 6, "column": 22 } }, "6": { "start": { "line": 7, "column": 0 }, "end": { "line": 7, "column": 18 } }, "7": { "start": { "line": 8, "column": 0 }, "end": { "line": 8, "column": 3 } }, "8": { "start": { "line": 9, "column": 0 }, "end": { "line": 9, "column": 21 } } }, "s": { "0": 1, "1": 1, "2": 1, "3": 1, "4": 1, "5": 1, "6": 1, "7": 1, "8": 1 }, "branchMap": { "0": { "type": "branch", "line": 1, "loc": { "start": { "line": 1, "column": 0 }, "end": { "line": 9, "column": 21 } }, "locations": [{ "start": { "line": 1, "column": 0 }, "end": { "line": 9, "column": 21 } }] }, "1": { "type": "branch", "line": 1, "loc": { "start": { "line": 1, "column": 0 }, "end": { "line": 9, "column": 21 } }, "locations": [{ "start": { "line": 1, "column": 0 }, "end": { "line": 9, "column": 21 } }] } }, "b": { "0": [1], "1": [1] }, "fnMap": { "0": { "name": "Object.<anonymous>", "decl": { "start": { "line": 1, "column": 0 }, "end": { "line": 9, "column": 21 } }, "loc": { "start": { "line": 1, "column": 0 }, "end": { "line": 9, "column": 21 } }, "line": 1 } }, "f": { "0": 1 } },
    "/Users/apple5/Desktop/Projects/Week 10 Live Project/live-project-pod-h/server/dist/controller/emailService.js": { "path": "/Users/apple5/Desktop/Projects/Week 10 Live Project/live-project-pod-h/server/dist/controller/emailService.js", "all": false, "statementMap": { "0": { "start": { "line": 1, "column": 0 }, "end": { "line": 1, "column": 13 } }, "1": { "start": { "line": 2, "column": 0 }, "end": { "line": 2, "column": 72 } }, "2": { "start": { "line": 3, "column": 0 }, "end": { "line": 3, "column": 62 } }, "3": { "start": { "line": 4, "column": 0 }, "end": { "line": 4, "column": 2 } }, "4": { "start": { "line": 5, "column": 0 }, "end": { "line": 5, "column": 62 } }, "5": { "start": { "line": 6, "column": 0 }, "end": { "line": 6, "column": 26 } }, "6": { "start": { "line": 7, "column": 0 }, "end": { "line": 7, "column": 60 } }, "7": { "start": { "line": 8, "column": 0 }, "end": { "line": 8, "column": 25 } }, "8": { "start": { "line": 9, "column": 0 }, "end": { "line": 9, "column": 56 } }, "9": { "start": { "line": 10, "column": 0 }, "end": { "line": 10, "column": 44 } }, "10": { "start": { "line": 11, "column": 0 }, "end": { "line": 11, "column": 41 } }, "11": { "start": { "line": 12, "column": 0 }, "end": { "line": 12, "column": 9 } }, "12": { "start": { "line": 13, "column": 0 }, "end": { "line": 13, "column": 64 } }, "13": { "start": { "line": 14, "column": 0 }, "end": { "line": 14, "column": 29 } }, "14": { "start": { "line": 15, "column": 0 }, "end": { "line": 15, "column": 19 } }, "15": { "start": { "line": 16, "column": 0 }, "end": { "line": 16, "column": 28 } }, "16": { "start": { "line": 17, "column": 0 }, "end": { "line": 17, "column": 30 } }, "17": { "start": { "line": 18, "column": 0 }, "end": { "line": 18, "column": 14 } }, "18": { "start": { "line": 19, "column": 0 }, "end": { "line": 19, "column": 11 } }, "19": { "start": { "line": 20, "column": 0 }, "end": { "line": 20, "column": 27 } }, "20": { "start": { "line": 21, "column": 0 }, "end": { "line": 21, "column": 24 } }, "21": { "start": { "line": 22, "column": 0 }, "end": { "line": 22, "column": 31 } }, "22": { "start": { "line": 23, "column": 0 }, "end": { "line": 23, "column": 21 } }, "23": { "start": { "line": 24, "column": 0 }, "end": { "line": 24, "column": 29 } }, "24": { "start": { "line": 25, "column": 0 }, "end": { "line": 25, "column": 23 } }, "25": { "start": { "line": 26, "column": 0 }, "end": { "line": 26, "column": 10 } }, "26": { "start": { "line": 27, "column": 0 }, "end": { "line": 27, "column": 49 } }, "27": { "start": { "line": 28, "column": 0 }, "end": { "line": 28, "column": 62 } }, "28": { "start": { "line": 29, "column": 0 }, "end": { "line": 29, "column": 26 } }, "29": { "start": { "line": 30, "column": 0 }, "end": { "line": 30, "column": 32 } }, "30": { "start": { "line": 31, "column": 0 }, "end": { "line": 31, "column": 17 } }, "31": { "start": { "line": 32, "column": 0 }, "end": { "line": 32, "column": 22 } }, "32": { "start": { "line": 33, "column": 0 }, "end": { "line": 33, "column": 34 } }, "33": { "start": { "line": 34, "column": 0 }, "end": { "line": 34, "column": 17 } }, "34": { "start": { "line": 35, "column": 0 }, "end": { "line": 35, "column": 15 } }, "35": { "start": { "line": 36, "column": 0 }, "end": { "line": 36, "column": 11 } }, "36": { "start": { "line": 37, "column": 0 }, "end": { "line": 37, "column": 5 } }, "37": { "start": { "line": 38, "column": 0 }, "end": { "line": 38, "column": 17 } }, "38": { "start": { "line": 39, "column": 0 }, "end": { "line": 39, "column": 19 } }, "39": { "start": { "line": 40, "column": 0 }, "end": { "line": 40, "column": 5 } }, "40": { "start": { "line": 41, "column": 0 }, "end": { "line": 41, "column": 1 } }, "41": { "start": { "line": 42, "column": 0 }, "end": { "line": 42, "column": 28 } } }, "s": { "0": 1, "1": 1, "2": 1, "3": 1, "4": 1, "5": 1, "6": 1, "7": 1, "8": 0, "9": 0, "10": 0, "11": 0, "12": 0, "13": 0, "14": 0, "15": 0, "16": 0, "17": 0, "18": 0, "19": 0, "20": 0, "21": 0, "22": 0, "23": 0, "24": 0, "25": 0, "26": 0, "27": 0, "28": 0, "29": 0, "30": 0, "31": 0, "32": 0, "33": 0, "34": 0, "35": 0, "36": 0, "37": 0, "38": 0, "39": 0, "40": 0, "41": 1 }, "branchMap": { "0": { "type": "branch", "line": 1, "loc": { "start": { "line": 1, "column": 0 }, "end": { "line": 42, "column": 28 } }, "locations": [{ "start": { "line": 1, "column": 0 }, "end": { "line": 42, "column": 28 } }] }, "1": { "type": "branch", "line": 1, "loc": { "start": { "line": 1, "column": 0 }, "end": { "line": 42, "column": 28 } }, "locations": [{ "start": { "line": 1, "column": 0 }, "end": { "line": 42, "column": 28 } }] }, "2": { "type": "branch", "line": 2, "loc": { "start": { "line": 2, "column": 56 }, "end": { "line": 4, "column": 1 } }, "locations": [{ "start": { "line": 2, "column": 56 }, "end": { "line": 4, "column": 1 } }] }, "3": { "type": "branch", "line": 3, "loc": { "start": { "line": 3, "column": 35 }, "end": { "line": 3, "column": 40 } }, "locations": [{ "start": { "line": 3, "column": 35 }, "end": { "line": 3, "column": 40 } }] } }, "b": { "0": [1], "1": [1], "2": [1], "3": [0] }, "fnMap": { "0": { "name": "Object.<anonymous>", "decl": { "start": { "line": 1, "column": 0 }, "end": { "line": 42, "column": 28 } }, "loc": { "start": { "line": 1, "column": 0 }, "end": { "line": 42, "column": 28 } }, "line": 1 }, "1": { "name": "Object.<anonymous>.__importDefault", "decl": { "start": { "line": 2, "column": 56 }, "end": { "line": 4, "column": 1 } }, "loc": { "start": { "line": 2, "column": 56 }, "end": { "line": 4, "column": 1 } }, "line": 2 }, "2": { "name": "sendMail", "decl": { "start": { "line": 9, "column": 0 }, "end": { "line": 41, "column": 1 } }, "loc": { "start": { "line": 9, "column": 0 }, "end": { "line": 41, "column": 1 } }, "line": 9 } }, "f": { "0": 1, "1": 1, "2": 0 } },
    "/Users/apple5/Desktop/Projects/Week 10 Live Project/live-project-pod-h/server/dist/controller/mailSender.js": { "path": "/Users/apple5/Desktop/Projects/Week 10 Live Project/live-project-pod-h/server/dist/controller/mailSender.js", "all": false, "statementMap": { "0": { "start": { "line": 1, "column": 0 }, "end": { "line": 1, "column": 13 } }, "1": { "start": { "line": 2, "column": 0 }, "end": { "line": 2, "column": 62 } }, "2": { "start": { "line": 3, "column": 0 }, "end": { "line": 3, "column": 39 } }, "3": { "start": { "line": 4, "column": 0 }, "end": { "line": 4, "column": 39 } }, "4": { "start": { "line": 5, "column": 0 }, "end": { "line": 5, "column": 67 } }, "5": { "start": { "line": 6, "column": 0 }, "end": { "line": 6, "column": 16 } }, "6": { "start": { "line": 7, "column": 0 }, "end": { "line": 7, "column": 112 } }, "7": { "start": { "line": 8, "column": 0 }, "end": { "line": 8, "column": 7 } }, "8": { "start": { "line": 9, "column": 0 }, "end": { "line": 9, "column": 116 } }, "9": { "start": { "line": 10, "column": 0 }, "end": { "line": 10, "column": 0 } }, "10": { "start": { "line": 11, "column": 0 }, "end": { "line": 11, "column": 83 } }, "11": { "start": { "line": 12, "column": 0 }, "end": { "line": 12, "column": 12 } }, "12": { "start": { "line": 13, "column": 0 }, "end": { "line": 13, "column": 0 } }, "13": { "start": { "line": 14, "column": 0 }, "end": { "line": 14, "column": 24 } }, "14": { "start": { "line": 15, "column": 0 }, "end": { "line": 15, "column": 0 } }, "15": { "start": { "line": 16, "column": 0 }, "end": { "line": 16, "column": 146 } }, "16": { "start": { "line": 17, "column": 0 }, "end": { "line": 17, "column": 15 } }, "17": { "start": { "line": 18, "column": 0 }, "end": { "line": 18, "column": 4 } }, "18": { "start": { "line": 19, "column": 0 }, "end": { "line": 19, "column": 16 } }, "19": { "start": { "line": 20, "column": 0 }, "end": { "line": 20, "column": 1 } }, "20": { "start": { "line": 21, "column": 0 }, "end": { "line": 21, "column": 54 } } }, "s": { "0": 1, "1": 1, "2": 1, "3": 0, "4": 0, "5": 0, "6": 0, "7": 0, "8": 0, "9": 0, "10": 0, "11": 0, "12": 0, "13": 0, "14": 0, "15": 0, "16": 0, "17": 0, "18": 0, "19": 0, "20": 1 }, "branchMap": { "0": { "type": "branch", "line": 1, "loc": { "start": { "line": 1, "column": 0 }, "end": { "line": 21, "column": 54 } }, "locations": [{ "start": { "line": 1, "column": 0 }, "end": { "line": 21, "column": 54 } }] }, "1": { "type": "branch", "line": 1, "loc": { "start": { "line": 1, "column": 0 }, "end": { "line": 21, "column": 54 } }, "locations": [{ "start": { "line": 1, "column": 0 }, "end": { "line": 21, "column": 54 } }] } }, "b": { "0": [1], "1": [1] }, "fnMap": { "0": { "name": "Object.<anonymous>", "decl": { "start": { "line": 1, "column": 0 }, "end": { "line": 21, "column": 54 } }, "loc": { "start": { "line": 1, "column": 0 }, "end": { "line": 21, "column": 54 } }, "line": 1 }, "1": { "name": "emailVerificationView", "decl": { "start": { "line": 4, "column": 0 }, "end": { "line": 20, "column": 1 } }, "loc": { "start": { "line": 4, "column": 0 }, "end": { "line": 20, "column": 1 } }, "line": 4 } }, "f": { "0": 1, "1": 0 } },
    "/Users/apple5/Desktop/Projects/Week 10 Live Project/live-project-pod-h/server/dist/controller/users.js": { "path": "/Users/apple5/Desktop/Projects/Week 10 Live Project/live-project-pod-h/server/dist/controller/users.js", "all": false, "statementMap": { "0": { "start": { "line": 1, "column": 0 }, "end": { "line": 1, "column": 13 } }, "1": { "start": { "line": 2, "column": 0 }, "end": { "line": 2, "column": 72 } }, "2": { "start": { "line": 3, "column": 0 }, "end": { "line": 3, "column": 62 } }, "3": { "start": { "line": 4, "column": 0 }, "end": { "line": 4, "column": 2 } }, "4": { "start": { "line": 5, "column": 0 }, "end": { "line": 5, "column": 62 } }, "5": { "start": { "line": 6, "column": 0 }, "end": { "line": 6, "column": 145 } }, "6": { "start": { "line": 7, "column": 0 }, "end": { "line": 7, "column": 31 } }, "7": { "start": { "line": 8, "column": 0 }, "end": { "line": 8, "column": 41 } }, "8": { "start": { "line": 9, "column": 0 }, "end": { "line": 9, "column": 52 } }, "9": { "start": { "line": 10, "column": 0 }, "end": { "line": 10, "column": 56 } }, "10": { "start": { "line": 11, "column": 0 }, "end": { "line": 11, "column": 64 } }, "11": { "start": { "line": 12, "column": 0 }, "end": { "line": 12, "column": 45 } }, "12": { "start": { "line": 13, "column": 0 }, "end": { "line": 13, "column": 49 } }, "13": { "start": { "line": 14, "column": 0 }, "end": { "line": 14, "column": 42 } }, "14": { "start": { "line": 15, "column": 0 }, "end": { "line": 15, "column": 66 } }, "15": { "start": { "line": 16, "column": 0 }, "end": { "line": 16, "column": 38 } }, "16": { "start": { "line": 17, "column": 0 }, "end": { "line": 17, "column": 45 } }, "17": { "start": { "line": 18, "column": 0 }, "end": { "line": 18, "column": 32 } }, "18": { "start": { "line": 19, "column": 0 }, "end": { "line": 19, "column": 9 } }, "19": { "start": { "line": 20, "column": 0 }, "end": { "line": 20, "column": 100 } }, "20": { "start": { "line": 21, "column": 0 }, "end": { "line": 21, "column": 33 } }, "21": { "start": { "line": 22, "column": 0 }, "end": { "line": 22, "column": 41 } }, "22": { "start": { "line": 23, "column": 0 }, "end": { "line": 23, "column": 61 } }, "23": { "start": { "line": 24, "column": 0 }, "end": { "line": 24, "column": 15 } }, "24": { "start": { "line": 25, "column": 0 }, "end": { "line": 25, "column": 9 } }, "25": { "start": { "line": 26, "column": 0 }, "end": { "line": 26, "column": 65 } }, "26": { "start": { "line": 27, "column": 0 }, "end": { "line": 27, "column": 45 } }, "27": { "start": { "line": 28, "column": 0 }, "end": { "line": 28, "column": 11 } }, "28": { "start": { "line": 29, "column": 0 }, "end": { "line": 29, "column": 28 } }, "29": { "start": { "line": 30, "column": 0 }, "end": { "line": 30, "column": 41 } }, "30": { "start": { "line": 31, "column": 0 }, "end": { "line": 31, "column": 65 } }, "31": { "start": { "line": 32, "column": 0 }, "end": { "line": 32, "column": 15 } }, "32": { "start": { "line": 33, "column": 0 }, "end": { "line": 33, "column": 9 } }, "33": { "start": { "line": 34, "column": 0 }, "end": { "line": 34, "column": 66 } }, "34": { "start": { "line": 35, "column": 0 }, "end": { "line": 35, "column": 57 } }, "35": { "start": { "line": 36, "column": 0 }, "end": { "line": 36, "column": 11 } }, "36": { "start": { "line": 37, "column": 0 }, "end": { "line": 37, "column": 29 } }, "37": { "start": { "line": 38, "column": 0 }, "end": { "line": 38, "column": 41 } }, "38": { "start": { "line": 39, "column": 0 }, "end": { "line": 39, "column": 44 } }, "39": { "start": { "line": 40, "column": 0 }, "end": { "line": 40, "column": 15 } }, "40": { "start": { "line": 41, "column": 0 }, "end": { "line": 41, "column": 9 } }, "41": { "start": { "line": 42, "column": 0 }, "end": { "line": 42, "column": 81 } }, "42": { "start": { "line": 43, "column": 0 }, "end": { "line": 43, "column": 57 } }, "43": { "start": { "line": 44, "column": 0 }, "end": { "line": 44, "column": 19 } }, "44": { "start": { "line": 45, "column": 0 }, "end": { "line": 45, "column": 42 } }, "45": { "start": { "line": 46, "column": 0 }, "end": { "line": 46, "column": 40 } }, "46": { "start": { "line": 47, "column": 0 }, "end": { "line": 47, "column": 40 } }, "47": { "start": { "line": 48, "column": 0 }, "end": { "line": 48, "column": 34 } }, "48": { "start": { "line": 49, "column": 0 }, "end": { "line": 49, "column": 46 } }, "49": { "start": { "line": 50, "column": 0 }, "end": { "line": 50, "column": 35 } }, "50": { "start": { "line": 51, "column": 0 }, "end": { "line": 51, "column": 30 } }, "51": { "start": { "line": 52, "column": 0 }, "end": { "line": 52, "column": 118 } }, "52": { "start": { "line": 53, "column": 0 }, "end": { "line": 53, "column": 11 } }, "53": { "start": { "line": 54, "column": 0 }, "end": { "line": 54, "column": 21 } }, "54": { "start": { "line": 55, "column": 0 }, "end": { "line": 55, "column": 41 } }, "55": { "start": { "line": 56, "column": 0 }, "end": { "line": 56, "column": 48 } }, "56": { "start": { "line": 57, "column": 0 }, "end": { "line": 57, "column": 47 } }, "57": { "start": { "line": 58, "column": 0 }, "end": { "line": 58, "column": 91 } }, "58": { "start": { "line": 59, "column": 0 }, "end": { "line": 59, "column": 72 } }, "59": { "start": { "line": 60, "column": 0 }, "end": { "line": 60, "column": 79 } }, "60": { "start": { "line": 61, "column": 0 }, "end": { "line": 61, "column": 67 } }, "61": { "start": { "line": 62, "column": 0 }, "end": { "line": 62, "column": 9 } }, "62": { "start": { "line": 63, "column": 0 }, "end": { "line": 63, "column": 5 } }, "63": { "start": { "line": 64, "column": 0 }, "end": { "line": 64, "column": 19 } }, "64": { "start": { "line": 65, "column": 0 }, "end": { "line": 65, "column": 27 } }, "65": { "start": { "line": 66, "column": 0 }, "end": { "line": 66, "column": 30 } }, "66": { "start": { "line": 67, "column": 0 }, "end": { "line": 67, "column": 42 } }, "67": { "start": { "line": 68, "column": 0 }, "end": { "line": 68, "column": 28 } }, "68": { "start": { "line": 69, "column": 0 }, "end": { "line": 69, "column": 11 } }, "69": { "start": { "line": 70, "column": 0 }, "end": { "line": 70, "column": 5 } }, "70": { "start": { "line": 71, "column": 0 }, "end": { "line": 71, "column": 1 } }, "71": { "start": { "line": 72, "column": 0 }, "end": { "line": 72, "column": 36 } }, "72": { "start": { "line": 73, "column": 0 }, "end": { "line": 73, "column": 34 } }, "73": { "start": { "line": 74, "column": 0 }, "end": { "line": 74, "column": 80 } }, "74": { "start": { "line": 75, "column": 0 }, "end": { "line": 75, "column": 27 } }, "75": { "start": { "line": 76, "column": 0 }, "end": { "line": 76, "column": 26 } }, "76": { "start": { "line": 77, "column": 0 }, "end": { "line": 77, "column": 56 } }, "77": { "start": { "line": 78, "column": 0 }, "end": { "line": 78, "column": 14 } }, "78": { "start": { "line": 79, "column": 0 }, "end": { "line": 79, "column": 42 } }, "79": { "start": { "line": 80, "column": 0 }, "end": { "line": 80, "column": 51 } }, "80": { "start": { "line": 81, "column": 0 }, "end": { "line": 81, "column": 1 } }, "81": { "start": { "line": 82, "column": 0 }, "end": { "line": 82, "column": 32 } }, "82": { "start": { "line": 83, "column": 0 }, "end": { "line": 83, "column": 42 } }, "83": { "start": { "line": 84, "column": 0 }, "end": { "line": 84, "column": 9 } }, "84": { "start": { "line": 85, "column": 0 }, "end": { "line": 85, "column": 99 } }, "85": { "start": { "line": 86, "column": 0 }, "end": { "line": 86, "column": 37 } }, "86": { "start": { "line": 87, "column": 0 }, "end": { "line": 87, "column": 41 } }, "87": { "start": { "line": 88, "column": 0 }, "end": { "line": 88, "column": 64 } }, "88": { "start": { "line": 89, "column": 0 }, "end": { "line": 89, "column": 15 } }, "89": { "start": { "line": 90, "column": 0 }, "end": { "line": 90, "column": 9 } }, "90": { "start": { "line": 91, "column": 0 }, "end": { "line": 91, "column": 41 } }, "91": { "start": { "line": 92, "column": 0 }, "end": { "line": 92, "column": 43 } }, "92": { "start": { "line": 93, "column": 0 }, "end": { "line": 93, "column": 32 } }, "93": { "start": { "line": 94, "column": 0 }, "end": { "line": 94, "column": 50 } }, "94": { "start": { "line": 95, "column": 0 }, "end": { "line": 95, "column": 43 } }, "95": { "start": { "line": 96, "column": 0 }, "end": { "line": 96, "column": 15 } }, "96": { "start": { "line": 97, "column": 0 }, "end": { "line": 97, "column": 50 } }, "97": { "start": { "line": 98, "column": 0 }, "end": { "line": 98, "column": 45 } }, "98": { "start": { "line": 99, "column": 0 }, "end": { "line": 99, "column": 16 } }, "99": { "start": { "line": 100, "column": 0 }, "end": { "line": 100, "column": 22 } }, "100": { "start": { "line": 101, "column": 0 }, "end": { "line": 101, "column": 34 } }, "101": { "start": { "line": 102, "column": 0 }, "end": { "line": 102, "column": 61 } }, "102": { "start": { "line": 103, "column": 0 }, "end": { "line": 103, "column": 15 } }, "103": { "start": { "line": 104, "column": 0 }, "end": { "line": 104, "column": 9 } }, "104": { "start": { "line": 105, "column": 0 }, "end": { "line": 105, "column": 14 } }, "105": { "start": { "line": 106, "column": 0 }, "end": { "line": 106, "column": 34 } }, "106": { "start": { "line": 107, "column": 0 }, "end": { "line": 107, "column": 40 } }, "107": { "start": { "line": 108, "column": 0 }, "end": { "line": 108, "column": 61 } }, "108": { "start": { "line": 109, "column": 0 }, "end": { "line": 109, "column": 92 } }, "109": { "start": { "line": 110, "column": 0 }, "end": { "line": 110, "column": 29 } }, "110": { "start": { "line": 111, "column": 0 }, "end": { "line": 111, "column": 45 } }, "111": { "start": { "line": 112, "column": 0 }, "end": { "line": 112, "column": 52 } }, "112": { "start": { "line": 113, "column": 0 }, "end": { "line": 113, "column": 19 } }, "113": { "start": { "line": 114, "column": 0 }, "end": { "line": 114, "column": 13 } }, "114": { "start": { "line": 115, "column": 0 }, "end": { "line": 115, "column": 28 } }, "115": { "start": { "line": 116, "column": 0 }, "end": { "line": 116, "column": 52 } }, "116": { "start": { "line": 117, "column": 0 }, "end": { "line": 117, "column": 35 } }, "117": { "start": { "line": 118, "column": 0 }, "end": { "line": 118, "column": 47 } }, "118": { "start": { "line": 119, "column": 0 }, "end": { "line": 119, "column": 19 } }, "119": { "start": { "line": 120, "column": 0 }, "end": { "line": 120, "column": 38 } }, "120": { "start": { "line": 121, "column": 0 }, "end": { "line": 121, "column": 35 } }, "121": { "start": { "line": 122, "column": 0 }, "end": { "line": 122, "column": 32 } }, "122": { "start": { "line": 123, "column": 0 }, "end": { "line": 123, "column": 19 } }, "123": { "start": { "line": 124, "column": 0 }, "end": { "line": 124, "column": 13 } }, "124": { "start": { "line": 125, "column": 0 }, "end": { "line": 125, "column": 9 } }, "125": { "start": { "line": 126, "column": 0 }, "end": { "line": 126, "column": 5 } }, "126": { "start": { "line": 127, "column": 0 }, "end": { "line": 127, "column": 17 } }, "127": { "start": { "line": 128, "column": 0 }, "end": { "line": 128, "column": 30 } }, "128": { "start": { "line": 129, "column": 0 }, "end": { "line": 129, "column": 35 } }, "129": { "start": { "line": 130, "column": 0 }, "end": { "line": 130, "column": 27 } }, "130": { "start": { "line": 131, "column": 0 }, "end": { "line": 131, "column": 11 } }, "131": { "start": { "line": 132, "column": 0 }, "end": { "line": 132, "column": 5 } }, "132": { "start": { "line": 133, "column": 0 }, "end": { "line": 133, "column": 1 } }, "133": { "start": { "line": 134, "column": 0 }, "end": { "line": 134, "column": 30 } }, "134": { "start": { "line": 135, "column": 0 }, "end": { "line": 135, "column": 41 } }, "135": { "start": { "line": 136, "column": 0 }, "end": { "line": 136, "column": 9 } }, "136": { "start": { "line": 137, "column": 0 }, "end": { "line": 137, "column": 35 } }, "137": { "start": { "line": 138, "column": 0 }, "end": { "line": 138, "column": 57 } }, "138": { "start": { "line": 139, "column": 0 }, "end": { "line": 139, "column": 20 } }, "139": { "start": { "line": 140, "column": 0 }, "end": { "line": 140, "column": 29 } }, "140": { "start": { "line": 141, "column": 0 }, "end": { "line": 141, "column": 14 } }, "141": { "start": { "line": 142, "column": 0 }, "end": { "line": 142, "column": 12 } }, "142": { "start": { "line": 143, "column": 0 }, "end": { "line": 143, "column": 20 } }, "143": { "start": { "line": 144, "column": 0 }, "end": { "line": 144, "column": 41 } }, "144": { "start": { "line": 145, "column": 0 }, "end": { "line": 145, "column": 43 } }, "145": { "start": { "line": 146, "column": 0 }, "end": { "line": 146, "column": 15 } }, "146": { "start": { "line": 147, "column": 0 }, "end": { "line": 147, "column": 9 } }, "147": { "start": { "line": 148, "column": 0 }, "end": { "line": 148, "column": 28 } }, "148": { "start": { "line": 149, "column": 0 }, "end": { "line": 149, "column": 42 } }, "149": { "start": { "line": 150, "column": 0 }, "end": { "line": 150, "column": 44 } }, "150": { "start": { "line": 151, "column": 0 }, "end": { "line": 151, "column": 77 } }, "151": { "start": { "line": 152, "column": 0 }, "end": { "line": 152, "column": 84 } }, "152": { "start": { "line": 153, "column": 0 }, "end": { "line": 153, "column": 30 } }, "153": { "start": { "line": 154, "column": 0 }, "end": { "line": 154, "column": 61 } }, "154": { "start": { "line": 155, "column": 0 }, "end": { "line": 155, "column": 11 } }, "155": { "start": { "line": 156, "column": 0 }, "end": { "line": 156, "column": 5 } }, "156": { "start": { "line": 157, "column": 0 }, "end": { "line": 157, "column": 19 } }, "157": { "start": { "line": 158, "column": 0 }, "end": { "line": 158, "column": 5 } }, "158": { "start": { "line": 159, "column": 0 }, "end": { "line": 159, "column": 1 } }, "159": { "start": { "line": 160, "column": 0 }, "end": { "line": 160, "column": 40 } }, "160": { "start": { "line": 161, "column": 0 }, "end": { "line": 161, "column": 41 } }, "161": { "start": { "line": 162, "column": 0 }, "end": { "line": 162, "column": 9 } }, "162": { "start": { "line": 163, "column": 0 }, "end": { "line": 163, "column": 34 } }, "163": { "start": { "line": 164, "column": 0 }, "end": { "line": 164, "column": 108 } }, "164": { "start": { "line": 165, "column": 0 }, "end": { "line": 165, "column": 37 } }, "165": { "start": { "line": 166, "column": 0 }, "end": { "line": 166, "column": 41 } }, "166": { "start": { "line": 167, "column": 0 }, "end": { "line": 167, "column": 65 } }, "167": { "start": { "line": 168, "column": 0 }, "end": { "line": 168, "column": 15 } }, "168": { "start": { "line": 169, "column": 0 }, "end": { "line": 169, "column": 9 } }, "169": { "start": { "line": 170, "column": 0 }, "end": { "line": 170, "column": 56 } }, "170": { "start": { "line": 171, "column": 0 }, "end": { "line": 171, "column": 20 } }, "171": { "start": { "line": 172, "column": 0 }, "end": { "line": 172, "column": 23 } }, "172": { "start": { "line": 173, "column": 0 }, "end": { "line": 173, "column": 14 } }, "173": { "start": { "line": 174, "column": 0 }, "end": { "line": 174, "column": 11 } }, "174": { "start": { "line": 175, "column": 0 }, "end": { "line": 175, "column": 20 } }, "175": { "start": { "line": 176, "column": 0 }, "end": { "line": 176, "column": 41 } }, "176": { "start": { "line": 177, "column": 0 }, "end": { "line": 177, "column": 47 } }, "177": { "start": { "line": 178, "column": 0 }, "end": { "line": 178, "column": 15 } }, "178": { "start": { "line": 179, "column": 0 }, "end": { "line": 179, "column": 9 } }, "179": { "start": { "line": 180, "column": 0 }, "end": { "line": 180, "column": 81 } }, "180": { "start": { "line": 181, "column": 0 }, "end": { "line": 181, "column": 28 } }, "181": { "start": { "line": 182, "column": 0 }, "end": { "line": 182, "column": 35 } }, "182": { "start": { "line": 183, "column": 0 }, "end": { "line": 183, "column": 11 } }, "183": { "start": { "line": 184, "column": 0 }, "end": { "line": 184, "column": 37 } }, "184": { "start": { "line": 185, "column": 0 }, "end": { "line": 185, "column": 53 } }, "185": { "start": { "line": 186, "column": 0 }, "end": { "line": 186, "column": 11 } }, "186": { "start": { "line": 187, "column": 0 }, "end": { "line": 187, "column": 5 } }, "187": { "start": { "line": 188, "column": 0 }, "end": { "line": 188, "column": 19 } }, "188": { "start": { "line": 189, "column": 0 }, "end": { "line": 189, "column": 30 } }, "189": { "start": { "line": 190, "column": 0 }, "end": { "line": 190, "column": 45 } }, "190": { "start": { "line": 191, "column": 0 }, "end": { "line": 191, "column": 11 } }, "191": { "start": { "line": 192, "column": 0 }, "end": { "line": 192, "column": 5 } }, "192": { "start": { "line": 193, "column": 0 }, "end": { "line": 193, "column": 1 } }, "193": { "start": { "line": 194, "column": 0 }, "end": { "line": 194, "column": 40 } }, "194": { "start": { "line": 195, "column": 0 }, "end": { "line": 195, "column": 46 } }, "195": { "start": { "line": 196, "column": 0 }, "end": { "line": 196, "column": 9 } }, "196": { "start": { "line": 197, "column": 0 }, "end": { "line": 197, "column": 34 } }, "197": { "start": { "line": 198, "column": 0 }, "end": { "line": 198, "column": 62 } }, "198": { "start": { "line": 199, "column": 0 }, "end": { "line": 199, "column": 105 } }, "199": { "start": { "line": 200, "column": 0 }, "end": { "line": 200, "column": 35 } }, "200": { "start": { "line": 201, "column": 0 }, "end": { "line": 201, "column": 41 } }, "201": { "start": { "line": 202, "column": 0 }, "end": { "line": 202, "column": 62 } }, "202": { "start": { "line": 203, "column": 0 }, "end": { "line": 203, "column": 15 } }, "203": { "start": { "line": 204, "column": 0 }, "end": { "line": 204, "column": 9 } }, "204": { "start": { "line": 205, "column": 0 }, "end": { "line": 205, "column": 62 } }, "205": { "start": { "line": 206, "column": 0 }, "end": { "line": 206, "column": 22 } }, "206": { "start": { "line": 207, "column": 0 }, "end": { "line": 207, "column": 34 } }, "207": { "start": { "line": 208, "column": 0 }, "end": { "line": 208, "column": 42 } }, "208": { "start": { "line": 209, "column": 0 }, "end": { "line": 209, "column": 15 } }, "209": { "start": { "line": 210, "column": 0 }, "end": { "line": 210, "column": 9 } }, "210": { "start": { "line": 211, "column": 0 }, "end": { "line": 211, "column": 51 } }, "211": { "start": { "line": 212, "column": 0 }, "end": { "line": 212, "column": 22 } }, "212": { "start": { "line": 213, "column": 0 }, "end": { "line": 213, "column": 21 } }, "213": { "start": { "line": 214, "column": 0 }, "end": { "line": 214, "column": 23 } }, "214": { "start": { "line": 215, "column": 0 }, "end": { "line": 215, "column": 11 } }, "215": { "start": { "line": 216, "column": 0 }, "end": { "line": 216, "column": 30 } }, "216": { "start": { "line": 217, "column": 0 }, "end": { "line": 217, "column": 66 } }, "217": { "start": { "line": 218, "column": 0 }, "end": { "line": 218, "column": 32 } }, "218": { "start": { "line": 219, "column": 0 }, "end": { "line": 219, "column": 11 } }, "219": { "start": { "line": 220, "column": 0 }, "end": { "line": 220, "column": 5 } }, "220": { "start": { "line": 221, "column": 0 }, "end": { "line": 221, "column": 19 } }, "221": { "start": { "line": 222, "column": 0 }, "end": { "line": 222, "column": 30 } }, "222": { "start": { "line": 223, "column": 0 }, "end": { "line": 223, "column": 44 } }, "223": { "start": { "line": 224, "column": 0 }, "end": { "line": 224, "column": 32 } }, "224": { "start": { "line": 225, "column": 0 }, "end": { "line": 225, "column": 11 } }, "225": { "start": { "line": 226, "column": 0 }, "end": { "line": 226, "column": 5 } }, "226": { "start": { "line": 227, "column": 0 }, "end": { "line": 227, "column": 1 } }, "227": { "start": { "line": 228, "column": 0 }, "end": { "line": 228, "column": 38 } } }, "s": { "0": 1, "1": 1, "2": 2, "3": 1, "4": 1, "5": 1, "6": 1, "7": 1, "8": 1, "9": 1, "10": 1, "11": 1, "12": 1, "13": 1, "14": 1, "15": 1, "16": 1, "17": 1, "18": 1, "19": 1, "20": 1, "21": 0, "22": 0, "23": 0, "24": 0, "25": 1, "26": 1, "27": 1, "28": 1, "29": 1, "30": 1, "31": 1, "32": 1, "33": 0, "34": 0, "35": 0, "36": 0, "37": 0, "38": 0, "39": 0, "40": 0, "41": 0, "42": 0, "43": 0, "44": 0, "45": 0, "46": 0, "47": 0, "48": 0, "49": 0, "50": 0, "51": 0, "52": 0, "53": 0, "54": 0, "55": 0, "56": 0, "57": 0, "58": 0, "59": 0, "60": 0, "61": 0, "62": 1, "63": 1, "64": 0, "65": 0, "66": 0, "67": 0, "68": 0, "69": 0, "70": 1, "71": 1, "72": 0, "73": 0, "74": 0, "75": 0, "76": 0, "77": 0, "78": 0, "79": 0, "80": 0, "81": 1, "82": 1, "83": 1, "84": 1, "85": 1, "86": 0, "87": 0, "88": 0, "89": 0, "90": 1, "91": 1, "92": 1, "93": 1, "94": 1, "95": 1, "96": 1, "97": 0, "98": 1, "99": 1, "100": 0, "101": 0, "102": 0, "103": 0, "104": 1, "105": 1, "106": 1, "107": 1, "108": 1, "109": 1, "110": 0, "111": 0, "112": 0, "113": 0, "114": 1, "115": 1, "116": 1, "117": 1, "118": 1, "119": 1, "120": 1, "121": 1, "122": 1, "123": 1, "124": 1, "125": 1, "126": 1, "127": 0, "128": 0, "129": 0, "130": 0, "131": 0, "132": 1, "133": 1, "134": 0, "135": 0, "136": 0, "137": 0, "138": 0, "139": 0, "140": 0, "141": 0, "142": 0, "143": 0, "144": 0, "145": 0, "146": 0, "147": 0, "148": 0, "149": 0, "150": 0, "151": 0, "152": 0, "153": 0, "154": 0, "155": 0, "156": 0, "157": 0, "158": 0, "159": 1, "160": 0, "161": 0, "162": 0, "163": 0, "164": 0, "165": 0, "166": 0, "167": 0, "168": 0, "169": 0, "170": 0, "171": 0, "172": 0, "173": 0, "174": 0, "175": 0, "176": 0, "177": 0, "178": 0, "179": 0, "180": 0, "181": 0, "182": 0, "183": 0, "184": 0, "185": 0, "186": 0, "187": 0, "188": 0, "189": 0, "190": 0, "191": 0, "192": 0, "193": 1, "194": 1, "195": 1, "196": 1, "197": 1, "198": 1, "199": 1, "200": 0, "201": 0, "202": 0, "203": 0, "204": 1, "205": 1, "206": 0, "207": 0, "208": 0, "209": 0, "210": 1, "211": 1, "212": 1, "213": 1, "214": 1, "215": 1, "216": 1, "217": 1, "218": 1, "219": 1, "220": 1, "221": 0, "222": 0, "223": 0, "224": 0, "225": 0, "226": 1, "227": 1 }, "branchMap": { "0": { "type": "branch", "line": 1, "loc": { "start": { "line": 1, "column": 0 }, "end": { "line": 228, "column": 38 } }, "locations": [{ "start": { "line": 1, "column": 0 }, "end": { "line": 228, "column": 38 } }] }, "1": { "type": "branch", "line": 1, "loc": { "start": { "line": 1, "column": 0 }, "end": { "line": 228, "column": 38 } }, "locations": [{ "start": { "line": 1, "column": 0 }, "end": { "line": 228, "column": 38 } }] }, "2": { "type": "branch", "line": 2, "loc": { "start": { "line": 2, "column": 56 }, "end": { "line": 4, "column": 1 } }, "locations": [{ "start": { "line": 2, "column": 56 }, "end": { "line": 4, "column": 1 } }] }, "3": { "type": "branch", "line": 3, "loc": { "start": { "line": 3, "column": 35 }, "end": { "line": 3, "column": 40 } }, "locations": [{ "start": { "line": 3, "column": 35 }, "end": { "line": 3, "column": 40 } }] }, "4": { "type": "branch", "line": 17, "loc": { "start": { "line": 17, "column": 0 }, "end": { "line": 71, "column": 1 } }, "locations": [{ "start": { "line": 17, "column": 0 }, "end": { "line": 71, "column": 1 } }] }, "5": { "type": "branch", "line": 21, "loc": { "start": { "line": 21, "column": 32 }, "end": { "line": 25, "column": 9 } }, "locations": [{ "start": { "line": 21, "column": 32 }, "end": { "line": 25, "column": 9 } }] }, "6": { "type": "branch", "line": 34, "loc": { "start": { "line": 34, "column": -1 }, "end": { "line": 62, "column": 9 } }, "locations": [{ "start": { "line": 34, "column": -1 }, "end": { "line": 62, "column": 9 } }] }, "7": { "type": "branch", "line": 64, "loc": { "start": { "line": 64, "column": 4 }, "end": { "line": 70, "column": 5 } }, "locations": [{ "start": { "line": 64, "column": 4 }, "end": { "line": 70, "column": 5 } }] }, "8": { "type": "branch", "line": 83, "loc": { "start": { "line": 83, "column": 0 }, "end": { "line": 133, "column": 1 } }, "locations": [{ "start": { "line": 83, "column": 0 }, "end": { "line": 133, "column": 1 } }] }, "9": { "type": "branch", "line": 86, "loc": { "start": { "line": 86, "column": 36 }, "end": { "line": 90, "column": 9 } }, "locations": [{ "start": { "line": 86, "column": 36 }, "end": { "line": 90, "column": 9 } }] }, "10": { "type": "branch", "line": 97, "loc": { "start": { "line": 97, "column": 12 }, "end": { "line": 99, "column": 15 } }, "locations": [{ "start": { "line": 97, "column": 12 }, "end": { "line": 99, "column": 15 } }] }, "11": { "type": "branch", "line": 100, "loc": { "start": { "line": 100, "column": 21 }, "end": { "line": 104, "column": 9 } }, "locations": [{ "start": { "line": 100, "column": 21 }, "end": { "line": 104, "column": 9 } }] }, "12": { "type": "branch", "line": 110, "loc": { "start": { "line": 110, "column": 28 }, "end": { "line": 114, "column": 13 } }, "locations": [{ "start": { "line": 110, "column": 28 }, "end": { "line": 114, "column": 13 } }] }, "13": { "type": "branch", "line": 127, "loc": { "start": { "line": 127, "column": 4 }, "end": { "line": 132, "column": 5 } }, "locations": [{ "start": { "line": 127, "column": 4 }, "end": { "line": 132, "column": 5 } }] }, "14": { "type": "branch", "line": 195, "loc": { "start": { "line": 195, "column": 0 }, "end": { "line": 227, "column": 1 } }, "locations": [{ "start": { "line": 195, "column": 0 }, "end": { "line": 227, "column": 1 } }] }, "15": { "type": "branch", "line": 200, "loc": { "start": { "line": 200, "column": 34 }, "end": { "line": 204, "column": 9 } }, "locations": [{ "start": { "line": 200, "column": 34 }, "end": { "line": 204, "column": 9 } }] }, "16": { "type": "branch", "line": 206, "loc": { "start": { "line": 206, "column": 21 }, "end": { "line": 210, "column": 9 } }, "locations": [{ "start": { "line": 206, "column": 21 }, "end": { "line": 210, "column": 9 } }] }, "17": { "type": "branch", "line": 221, "loc": { "start": { "line": 221, "column": 4 }, "end": { "line": 226, "column": 5 } }, "locations": [{ "start": { "line": 221, "column": 4 }, "end": { "line": 226, "column": 5 } }] } }, "b": { "0": [1], "1": [1], "2": [2], "3": [0], "4": [1], "5": [0], "6": [0], "7": [0], "8": [1], "9": [0], "10": [0], "11": [0], "12": [0], "13": [0], "14": [1], "15": [0], "16": [0], "17": [0] }, "fnMap": { "0": { "name": "Object.<anonymous>", "decl": { "start": { "line": 1, "column": 0 }, "end": { "line": 228, "column": 38 } }, "loc": { "start": { "line": 1, "column": 0 }, "end": { "line": 228, "column": 38 } }, "line": 1 }, "1": { "name": "Object.<anonymous>.__importDefault", "decl": { "start": { "line": 2, "column": 56 }, "end": { "line": 4, "column": 1 } }, "loc": { "start": { "line": 2, "column": 56 }, "end": { "line": 4, "column": 1 } }, "line": 2 }, "2": { "name": "RegisterUser", "decl": { "start": { "line": 17, "column": 0 }, "end": { "line": 71, "column": 1 } }, "loc": { "start": { "line": 17, "column": 0 }, "end": { "line": 71, "column": 1 } }, "line": 17 }, "3": { "name": "verifyUser", "decl": { "start": { "line": 73, "column": 0 }, "end": { "line": 81, "column": 1 } }, "loc": { "start": { "line": 73, "column": 0 }, "end": { "line": 81, "column": 1 } }, "line": 73 }, "4": { "name": "LoginUser", "decl": { "start": { "line": 83, "column": 0 }, "end": { "line": 133, "column": 1 } }, "loc": { "start": { "line": 83, "column": 0 }, "end": { "line": 133, "column": 1 } }, "line": 83 }, "5": { "name": "forgotPassword", "decl": { "start": { "line": 135, "column": 0 }, "end": { "line": 159, "column": 1 } }, "loc": { "start": { "line": 135, "column": 0 }, "end": { "line": 159, "column": 1 } }, "line": 135 }, "6": { "name": "changePassword", "decl": { "start": { "line": 161, "column": 0 }, "end": { "line": 193, "column": 1 } }, "loc": { "start": { "line": 161, "column": 0 }, "end": { "line": 193, "column": 1 } }, "line": 161 }, "7": { "name": "Updateprofile", "decl": { "start": { "line": 195, "column": 0 }, "end": { "line": 227, "column": 1 } }, "loc": { "start": { "line": 195, "column": 0 }, "end": { "line": 227, "column": 1 } }, "line": 195 } }, "f": { "0": 1, "1": 2, "2": 1, "3": 0, "4": 1, "5": 0, "6": 0, "7": 1 } },
    "/Users/apple5/Desktop/Projects/Week 10 Live Project/live-project-pod-h/server/dist/email/emailVerification.js": { "path": "/Users/apple5/Desktop/Projects/Week 10 Live Project/live-project-pod-h/server/dist/email/emailVerification.js", "all": false, "statementMap": { "0": { "start": { "line": 1, "column": 0 }, "end": { "line": 1, "column": 13 } }, "1": { "start": { "line": 2, "column": 0 }, "end": { "line": 2, "column": 72 } }, "2": { "start": { "line": 3, "column": 0 }, "end": { "line": 3, "column": 62 } }, "3": { "start": { "line": 4, "column": 0 }, "end": { "line": 4, "column": 2 } }, "4": { "start": { "line": 5, "column": 0 }, "end": { "line": 5, "column": 62 } }, "5": { "start": { "line": 6, "column": 0 }, "end": { "line": 6, "column": 44 } }, "6": { "start": { "line": 7, "column": 0 }, "end": { "line": 7, "column": 52 } }, "7": { "start": { "line": 8, "column": 0 }, "end": { "line": 8, "column": 26 } }, "8": { "start": { "line": 9, "column": 0 }, "end": { "line": 9, "column": 41 } }, "9": { "start": { "line": 10, "column": 0 }, "end": { "line": 10, "column": 69 } }, "10": { "start": { "line": 11, "column": 0 }, "end": { "line": 11, "column": 16 } }, "11": { "start": { "line": 12, "column": 0 }, "end": { "line": 12, "column": 36 } }, "12": { "start": { "line": 13, "column": 0 }, "end": { "line": 13, "column": 83 } }, "13": { "start": { "line": 14, "column": 0 }, "end": { "line": 14, "column": 104 } }, "14": { "start": { "line": 15, "column": 0 }, "end": { "line": 15, "column": 87 } }, "15": { "start": { "line": 16, "column": 0 }, "end": { "line": 16, "column": 12 } }, "16": { "start": { "line": 17, "column": 0 }, "end": { "line": 17, "column": 24 } }, "17": { "start": { "line": 18, "column": 0 }, "end": { "line": 18, "column": 73 } }, "18": { "start": { "line": 19, "column": 0 }, "end": { "line": 19, "column": 45 } }, "19": { "start": { "line": 20, "column": 0 }, "end": { "line": 20, "column": 47 } }, "20": { "start": { "line": 21, "column": 0 }, "end": { "line": 21, "column": 14 } }, "21": { "start": { "line": 22, "column": 0 }, "end": { "line": 22, "column": 10 } }, "22": { "start": { "line": 23, "column": 0 }, "end": { "line": 23, "column": 16 } }, "23": { "start": { "line": 24, "column": 0 }, "end": { "line": 24, "column": 1 } }, "24": { "start": { "line": 25, "column": 0 }, "end": { "line": 25, "column": 64 } } }, "s": { "0": 1, "1": 1, "2": 1, "3": 1, "4": 1, "5": 1, "6": 1, "7": 1, "8": 0, "9": 0, "10": 0, "11": 0, "12": 0, "13": 0, "14": 0, "15": 0, "16": 0, "17": 0, "18": 0, "19": 0, "20": 0, "21": 0, "22": 0, "23": 0, "24": 1 }, "branchMap": { "0": { "type": "branch", "line": 1, "loc": { "start": { "line": 1, "column": 0 }, "end": { "line": 25, "column": 64 } }, "locations": [{ "start": { "line": 1, "column": 0 }, "end": { "line": 25, "column": 64 } }] }, "1": { "type": "branch", "line": 1, "loc": { "start": { "line": 1, "column": 0 }, "end": { "line": 25, "column": 64 } }, "locations": [{ "start": { "line": 1, "column": 0 }, "end": { "line": 25, "column": 64 } }] }, "2": { "type": "branch", "line": 2, "loc": { "start": { "line": 2, "column": 56 }, "end": { "line": 4, "column": 1 } }, "locations": [{ "start": { "line": 2, "column": 56 }, "end": { "line": 4, "column": 1 } }] }, "3": { "type": "branch", "line": 3, "loc": { "start": { "line": 3, "column": 35 }, "end": { "line": 3, "column": 40 } }, "locations": [{ "start": { "line": 3, "column": 35 }, "end": { "line": 3, "column": 40 } }] } }, "b": { "0": [1], "1": [1], "2": [1], "3": [0] }, "fnMap": { "0": { "name": "Object.<anonymous>", "decl": { "start": { "line": 1, "column": 0 }, "end": { "line": 25, "column": 64 } }, "loc": { "start": { "line": 1, "column": 0 }, "end": { "line": 25, "column": 64 } }, "line": 1 }, "1": { "name": "Object.<anonymous>.__importDefault", "decl": { "start": { "line": 2, "column": 56 }, "end": { "line": 4, "column": 1 } }, "loc": { "start": { "line": 2, "column": 56 }, "end": { "line": 4, "column": 1 } }, "line": 2 }, "2": { "name": "forgotPasswordVerification", "decl": { "start": { "line": 9, "column": 0 }, "end": { "line": 24, "column": 1 } }, "loc": { "start": { "line": 9, "column": 0 }, "end": { "line": 24, "column": 1 } }, "line": 9 } }, "f": { "0": 1, "1": 1, "2": 0 } },
    "/Users/apple5/Desktop/Projects/Week 10 Live Project/live-project-pod-h/server/dist/middleware/auth.js": { "path": "/Users/apple5/Desktop/Projects/Week 10 Live Project/live-project-pod-h/server/dist/middleware/auth.js", "all": false, "statementMap": { "0": { "start": { "line": 1, "column": 0 }, "end": { "line": 1, "column": 13 } }, "1": { "start": { "line": 2, "column": 0 }, "end": { "line": 2, "column": 72 } }, "2": { "start": { "line": 3, "column": 0 }, "end": { "line": 3, "column": 62 } }, "3": { "start": { "line": 4, "column": 0 }, "end": { "line": 4, "column": 2 } }, "4": { "start": { "line": 5, "column": 0 }, "end": { "line": 5, "column": 62 } }, "5": { "start": { "line": 6, "column": 0 }, "end": { "line": 6, "column": 22 } }, "6": { "start": { "line": 7, "column": 0 }, "end": { "line": 7, "column": 64 } }, "7": { "start": { "line": 8, "column": 0 }, "end": { "line": 8, "column": 38 } }, "8": { "start": { "line": 9, "column": 0 }, "end": { "line": 9, "column": 41 } }, "9": { "start": { "line": 10, "column": 0 }, "end": { "line": 10, "column": 37 } }, "10": { "start": { "line": 11, "column": 0 }, "end": { "line": 11, "column": 9 } }, "11": { "start": { "line": 12, "column": 0 }, "end": { "line": 12, "column": 56 } }, "12": { "start": { "line": 13, "column": 0 }, "end": { "line": 13, "column": 53 } }, "13": { "start": { "line": 14, "column": 0 }, "end": { "line": 14, "column": 28 } }, "14": { "start": { "line": 15, "column": 0 }, "end": { "line": 15, "column": 22 } }, "15": { "start": { "line": 16, "column": 0 }, "end": { "line": 16, "column": 49 } }, "16": { "start": { "line": 17, "column": 0 }, "end": { "line": 17, "column": 15 } }, "17": { "start": { "line": 18, "column": 0 }, "end": { "line": 18, "column": 9 } }, "18": { "start": { "line": 19, "column": 0 }, "end": { "line": 19, "column": 33 } }, "19": { "start": { "line": 20, "column": 0 }, "end": { "line": 20, "column": 91 } }, "20": { "start": { "line": 21, "column": 0 }, "end": { "line": 21, "column": 68 } }, "21": { "start": { "line": 22, "column": 0 }, "end": { "line": 22, "column": 24 } }, "22": { "start": { "line": 23, "column": 0 }, "end": { "line": 23, "column": 28 } }, "23": { "start": { "line": 24, "column": 0 }, "end": { "line": 24, "column": 22 } }, "24": { "start": { "line": 25, "column": 0 }, "end": { "line": 25, "column": 70 } }, "25": { "start": { "line": 26, "column": 0 }, "end": { "line": 26, "column": 15 } }, "26": { "start": { "line": 27, "column": 0 }, "end": { "line": 27, "column": 19 } }, "27": { "start": { "line": 28, "column": 0 }, "end": { "line": 28, "column": 9 } }, "28": { "start": { "line": 29, "column": 0 }, "end": { "line": 29, "column": 32 } }, "29": { "start": { "line": 30, "column": 0 }, "end": { "line": 30, "column": 74 } }, "30": { "start": { "line": 31, "column": 0 }, "end": { "line": 31, "column": 20 } }, "31": { "start": { "line": 32, "column": 0 }, "end": { "line": 32, "column": 28 } }, "32": { "start": { "line": 33, "column": 0 }, "end": { "line": 33, "column": 22 } }, "33": { "start": { "line": 34, "column": 0 }, "end": { "line": 34, "column": 42 } }, "34": { "start": { "line": 35, "column": 0 }, "end": { "line": 35, "column": 15 } }, "35": { "start": { "line": 36, "column": 0 }, "end": { "line": 36, "column": 19 } }, "36": { "start": { "line": 37, "column": 0 }, "end": { "line": 37, "column": 9 } }, "37": { "start": { "line": 38, "column": 0 }, "end": { "line": 38, "column": 28 } }, "38": { "start": { "line": 39, "column": 0 }, "end": { "line": 39, "column": 15 } }, "39": { "start": { "line": 40, "column": 0 }, "end": { "line": 40, "column": 5 } }, "40": { "start": { "line": 41, "column": 0 }, "end": { "line": 41, "column": 19 } }, "41": { "start": { "line": 42, "column": 0 }, "end": { "line": 42, "column": 24 } }, "42": { "start": { "line": 43, "column": 0 }, "end": { "line": 43, "column": 18 } }, "43": { "start": { "line": 44, "column": 0 }, "end": { "line": 44, "column": 39 } }, "44": { "start": { "line": 45, "column": 0 }, "end": { "line": 45, "column": 11 } }, "45": { "start": { "line": 46, "column": 0 }, "end": { "line": 46, "column": 15 } }, "46": { "start": { "line": 47, "column": 0 }, "end": { "line": 47, "column": 5 } }, "47": { "start": { "line": 48, "column": 0 }, "end": { "line": 48, "column": 1 } }, "48": { "start": { "line": 49, "column": 0 }, "end": { "line": 49, "column": 20 } } }, "s": { "0": 1, "1": 1, "2": 1, "3": 1, "4": 1, "5": 1, "6": 1, "7": 1, "8": 1, "9": 1, "10": 1, "11": 1, "12": 1, "13": 0, "14": 0, "15": 0, "16": 0, "17": 0, "18": 1, "19": 1, "20": 1, "21": 1, "22": 0, "23": 0, "24": 0, "25": 0, "26": 0, "27": 0, "28": 1, "29": 1, "30": 1, "31": 0, "32": 0, "33": 0, "34": 0, "35": 0, "36": 0, "37": 1, "38": 1, "39": 1, "40": 1, "41": 0, "42": 0, "43": 0, "44": 0, "45": 0, "46": 0, "47": 1, "48": 1 }, "branchMap": { "0": { "type": "branch", "line": 1, "loc": { "start": { "line": 1, "column": 0 }, "end": { "line": 49, "column": 20 } }, "locations": [{ "start": { "line": 1, "column": 0 }, "end": { "line": 49, "column": 20 } }] }, "1": { "type": "branch", "line": 1, "loc": { "start": { "line": 1, "column": 0 }, "end": { "line": 49, "column": 20 } }, "locations": [{ "start": { "line": 1, "column": 0 }, "end": { "line": 49, "column": 20 } }] }, "2": { "type": "branch", "line": 2, "loc": { "start": { "line": 2, "column": 56 }, "end": { "line": 4, "column": 1 } }, "locations": [{ "start": { "line": 2, "column": 56 }, "end": { "line": 4, "column": 1 } }] }, "3": { "type": "branch", "line": 3, "loc": { "start": { "line": 3, "column": 35 }, "end": { "line": 3, "column": 40 } }, "locations": [{ "start": { "line": 3, "column": 35 }, "end": { "line": 3, "column": 40 } }] }, "4": { "type": "branch", "line": 10, "loc": { "start": { "line": 10, "column": 0 }, "end": { "line": 48, "column": 1 } }, "locations": [{ "start": { "line": 10, "column": 0 }, "end": { "line": 48, "column": 1 } }] }, "5": { "type": "branch", "line": 13, "loc": { "start": { "line": 13, "column": 27 }, "end": { "line": 13, "column": 50 } }, "locations": [{ "start": { "line": 13, "column": 27 }, "end": { "line": 13, "column": 50 } }] }, "6": { "type": "branch", "line": 13, "loc": { "start": { "line": 13, "column": 52 }, "end": { "line": 18, "column": 9 } }, "locations": [{ "start": { "line": 13, "column": 52 }, "end": { "line": 18, "column": 9 } }] }, "7": { "type": "branch", "line": 20, "loc": { "start": { "line": 20, "column": 68 }, "end": { "line": 20, "column": 90 } }, "locations": [{ "start": { "line": 20, "column": 68 }, "end": { "line": 20, "column": 90 } }] }, "8": { "type": "branch", "line": 22, "loc": { "start": { "line": 22, "column": 23 }, "end": { "line": 28, "column": 9 } }, "locations": [{ "start": { "line": 22, "column": 23 }, "end": { "line": 28, "column": 9 } }] }, "9": { "type": "branch", "line": 31, "loc": { "start": { "line": 31, "column": 19 }, "end": { "line": 37, "column": 9 } }, "locations": [{ "start": { "line": 31, "column": 19 }, "end": { "line": 37, "column": 9 } }] }, "10": { "type": "branch", "line": 41, "loc": { "start": { "line": 41, "column": 4 }, "end": { "line": 47, "column": 5 } }, "locations": [{ "start": { "line": 41, "column": 4 }, "end": { "line": 47, "column": 5 } }] } }, "b": { "0": [1], "1": [1], "2": [1], "3": [0], "4": [1], "5": [0], "6": [0], "7": [0], "8": [0], "9": [0], "10": [0] }, "fnMap": { "0": { "name": "Object.<anonymous>", "decl": { "start": { "line": 1, "column": 0 }, "end": { "line": 49, "column": 20 } }, "loc": { "start": { "line": 1, "column": 0 }, "end": { "line": 49, "column": 20 } }, "line": 1 }, "1": { "name": "Object.<anonymous>.__importDefault", "decl": { "start": { "line": 2, "column": 56 }, "end": { "line": 4, "column": 1 } }, "loc": { "start": { "line": 2, "column": 56 }, "end": { "line": 4, "column": 1 } }, "line": 2 }, "2": { "name": "auth", "decl": { "start": { "line": 10, "column": 0 }, "end": { "line": 48, "column": 1 } }, "loc": { "start": { "line": 10, "column": 0 }, "end": { "line": 48, "column": 1 } }, "line": 10 } }, "f": { "0": 1, "1": 1, "2": 1 } },
    "/Users/apple5/Desktop/Projects/Week 10 Live Project/live-project-pod-h/server/dist/models/user.js": { "path": "/Users/apple5/Desktop/Projects/Week 10 Live Project/live-project-pod-h/server/dist/models/user.js", "all": false, "statementMap": { "0": { "start": { "line": 1, "column": 0 }, "end": { "line": 1, "column": 13 } }, "1": { "start": { "line": 2, "column": 0 }, "end": { "line": 2, "column": 72 } }, "2": { "start": { "line": 3, "column": 0 }, "end": { "line": 3, "column": 62 } }, "3": { "start": { "line": 4, "column": 0 }, "end": { "line": 4, "column": 2 } }, "4": { "start": { "line": 5, "column": 0 }, "end": { "line": 5, "column": 62 } }, "5": { "start": { "line": 6, "column": 0 }, "end": { "line": 6, "column": 30 } }, "6": { "start": { "line": 7, "column": 0 }, "end": { "line": 7, "column": 41 } }, "7": { "start": { "line": 8, "column": 0 }, "end": { "line": 8, "column": 80 } }, "8": { "start": { "line": 9, "column": 0 }, "end": { "line": 9, "column": 46 } }, "9": { "start": { "line": 10, "column": 0 }, "end": { "line": 10, "column": 1 } }, "10": { "start": { "line": 11, "column": 0 }, "end": { "line": 11, "column": 36 } }, "11": { "start": { "line": 12, "column": 0 }, "end": { "line": 12, "column": 19 } }, "12": { "start": { "line": 13, "column": 0 }, "end": { "line": 13, "column": 9 } }, "13": { "start": { "line": 14, "column": 0 }, "end": { "line": 14, "column": 43 } }, "14": { "start": { "line": 15, "column": 0 }, "end": { "line": 15, "column": 25 } }, "15": { "start": { "line": 16, "column": 0 }, "end": { "line": 16, "column": 24 } }, "16": { "start": { "line": 17, "column": 0 }, "end": { "line": 17, "column": 6 } }, "17": { "start": { "line": 18, "column": 0 }, "end": { "line": 18, "column": 16 } }, "18": { "start": { "line": 19, "column": 0 }, "end": { "line": 19, "column": 43 } }, "19": { "start": { "line": 20, "column": 0 }, "end": { "line": 20, "column": 24 } }, "20": { "start": { "line": 21, "column": 0 }, "end": { "line": 21, "column": 6 } }, "21": { "start": { "line": 22, "column": 0 }, "end": { "line": 22, "column": 15 } }, "22": { "start": { "line": 23, "column": 0 }, "end": { "line": 23, "column": 43 } }, "23": { "start": { "line": 24, "column": 0 }, "end": { "line": 24, "column": 24 } }, "24": { "start": { "line": 25, "column": 0 }, "end": { "line": 25, "column": 6 } }, "25": { "start": { "line": 26, "column": 0 }, "end": { "line": 26, "column": 15 } }, "26": { "start": { "line": 27, "column": 0 }, "end": { "line": 27, "column": 43 } }, "27": { "start": { "line": 28, "column": 0 }, "end": { "line": 28, "column": 24 } }, "28": { "start": { "line": 29, "column": 0 }, "end": { "line": 29, "column": 6 } }, "29": { "start": { "line": 30, "column": 0 }, "end": { "line": 30, "column": 12 } }, "30": { "start": { "line": 31, "column": 0 }, "end": { "line": 31, "column": 43 } }, "31": { "start": { "line": 32, "column": 0 }, "end": { "line": 32, "column": 24 } }, "32": { "start": { "line": 33, "column": 0 }, "end": { "line": 33, "column": 6 } }, "33": { "start": { "line": 34, "column": 0 }, "end": { "line": 34, "column": 18 } }, "34": { "start": { "line": 35, "column": 0 }, "end": { "line": 35, "column": 41 } }, "35": { "start": { "line": 36, "column": 0 }, "end": { "line": 36, "column": 24 } }, "36": { "start": { "line": 37, "column": 0 }, "end": { "line": 37, "column": 6 } }, "37": { "start": { "line": 38, "column": 0 }, "end": { "line": 38, "column": 15 } }, "38": { "start": { "line": 39, "column": 0 }, "end": { "line": 39, "column": 43 } }, "39": { "start": { "line": 40, "column": 0 }, "end": { "line": 40, "column": 24 } }, "40": { "start": { "line": 41, "column": 0 }, "end": { "line": 41, "column": 6 } }, "41": { "start": { "line": 42, "column": 0 }, "end": { "line": 42, "column": 17 } }, "42": { "start": { "line": 43, "column": 0 }, "end": { "line": 43, "column": 44 } }, "43": { "start": { "line": 44, "column": 0 }, "end": { "line": 44, "column": 24 } }, "44": { "start": { "line": 45, "column": 0 }, "end": { "line": 45, "column": 6 } }, "45": { "start": { "line": 46, "column": 0 }, "end": { "line": 46, "column": 13 } }, "46": { "start": { "line": 47, "column": 0 }, "end": { "line": 47, "column": 43 } }, "47": { "start": { "line": 48, "column": 0 }, "end": { "line": 48, "column": 24 } }, "48": { "start": { "line": 49, "column": 0 }, "end": { "line": 49, "column": 6 } }, "49": { "start": { "line": 50, "column": 0 }, "end": { "line": 50, "column": 4 } }, "50": { "start": { "line": 51, "column": 0 }, "end": { "line": 51, "column": 41 } }, "51": { "start": { "line": 52, "column": 0 }, "end": { "line": 52, "column": 27 } }, "52": { "start": { "line": 53, "column": 0 }, "end": { "line": 53, "column": 3 } } }, "s": { "0": 1, "1": 1, "2": 1, "3": 1, "4": 1, "5": 1, "6": 1, "7": 1, "8": 1, "9": 1, "10": 1, "11": 1, "12": 1, "13": 1, "14": 1, "15": 1, "16": 1, "17": 1, "18": 1, "19": 1, "20": 1, "21": 1, "22": 1, "23": 1, "24": 1, "25": 1, "26": 1, "27": 1, "28": 1, "29": 1, "30": 1, "31": 1, "32": 1, "33": 1, "34": 1, "35": 1, "36": 1, "37": 1, "38": 1, "39": 1, "40": 1, "41": 1, "42": 1, "43": 1, "44": 1, "45": 1, "46": 1, "47": 1, "48": 1, "49": 1, "50": 1, "51": 1, "52": 1 }, "branchMap": { "0": { "type": "branch", "line": 1, "loc": { "start": { "line": 1, "column": 0 }, "end": { "line": 53, "column": 3 } }, "locations": [{ "start": { "line": 1, "column": 0 }, "end": { "line": 53, "column": 3 } }] }, "1": { "type": "branch", "line": 1, "loc": { "start": { "line": 1, "column": 0 }, "end": { "line": 53, "column": 3 } }, "locations": [{ "start": { "line": 1, "column": 0 }, "end": { "line": 53, "column": 3 } }] }, "2": { "type": "branch", "line": 2, "loc": { "start": { "line": 2, "column": 56 }, "end": { "line": 4, "column": 1 } }, "locations": [{ "start": { "line": 2, "column": 56 }, "end": { "line": 4, "column": 1 } }] }, "3": { "type": "branch", "line": 3, "loc": { "start": { "line": 3, "column": 41 }, "end": { "line": 3, "column": 61 } }, "locations": [{ "start": { "line": 3, "column": 41 }, "end": { "line": 3, "column": 61 } }] } }, "b": { "0": [1], "1": [1], "2": [1], "3": [0] }, "fnMap": { "0": { "name": "Object.<anonymous>", "decl": { "start": { "line": 1, "column": 0 }, "end": { "line": 53, "column": 3 } }, "loc": { "start": { "line": 1, "column": 0 }, "end": { "line": 53, "column": 3 } }, "line": 1 }, "1": { "name": "Object.<anonymous>.__importDefault", "decl": { "start": { "line": 2, "column": 56 }, "end": { "line": 4, "column": 1 } }, "loc": { "start": { "line": 2, "column": 56 }, "end": { "line": 4, "column": 1 } }, "line": 2 } }, "f": { "0": 1, "1": 1 } },
    "/Users/apple5/Desktop/Projects/Week 10 Live Project/live-project-pod-h/server/dist/routes/user.js": { "path": "/Users/apple5/Desktop/Projects/Week 10 Live Project/live-project-pod-h/server/dist/routes/user.js", "all": false, "statementMap": { "0": { "start": { "line": 1, "column": 0 }, "end": { "line": 1, "column": 13 } }, "1": { "start": { "line": 2, "column": 0 }, "end": { "line": 2, "column": 72 } }, "2": { "start": { "line": 3, "column": 0 }, "end": { "line": 3, "column": 62 } }, "3": { "start": { "line": 4, "column": 0 }, "end": { "line": 4, "column": 2 } }, "4": { "start": { "line": 5, "column": 0 }, "end": { "line": 5, "column": 62 } }, "5": { "start": { "line": 6, "column": 0 }, "end": { "line": 6, "column": 54 } }, "6": { "start": { "line": 7, "column": 0 }, "end": { "line": 7, "column": 42 } }, "7": { "start": { "line": 8, "column": 0 }, "end": { "line": 8, "column": 91 } }, "8": { "start": { "line": 9, "column": 0 }, "end": { "line": 9, "column": 45 } }, "9": { "start": { "line": 10, "column": 0 }, "end": { "line": 10, "column": 47 } }, "10": { "start": { "line": 11, "column": 0 }, "end": { "line": 11, "column": 50 } }, "11": { "start": { "line": 12, "column": 0 }, "end": { "line": 12, "column": 35 } }, "12": { "start": { "line": 13, "column": 0 }, "end": { "line": 13, "column": 58 } }, "13": { "start": { "line": 14, "column": 0 }, "end": { "line": 14, "column": 23 } }, "14": { "start": { "line": 15, "column": 0 }, "end": { "line": 15, "column": 3 } }, "15": { "start": { "line": 16, "column": 0 }, "end": { "line": 16, "column": 64 } }, "16": { "start": { "line": 17, "column": 0 }, "end": { "line": 17, "column": 45 } }, "17": { "start": { "line": 18, "column": 0 }, "end": { "line": 18, "column": 41 } }, "18": { "start": { "line": 19, "column": 0 }, "end": { "line": 19, "column": 55 } }, "19": { "start": { "line": 20, "column": 0 }, "end": { "line": 20, "column": 61 } }, "20": { "start": { "line": 21, "column": 0 }, "end": { "line": 21, "column": 25 } } }, "s": { "0": 1, "1": 1, "2": 1, "3": 1, "4": 1, "5": 1, "6": 1, "7": 1, "8": 1, "9": 1, "10": 1, "11": 0, "12": 0, "13": 0, "14": 1, "15": 1, "16": 1, "17": 1, "18": 1, "19": 1, "20": 1 }, "branchMap": { "0": { "type": "branch", "line": 1, "loc": { "start": { "line": 1, "column": 0 }, "end": { "line": 21, "column": 25 } }, "locations": [{ "start": { "line": 1, "column": 0 }, "end": { "line": 21, "column": 25 } }] }, "1": { "type": "branch", "line": 1, "loc": { "start": { "line": 1, "column": 0 }, "end": { "line": 21, "column": 25 } }, "locations": [{ "start": { "line": 1, "column": 0 }, "end": { "line": 21, "column": 25 } }] }, "2": { "type": "branch", "line": 2, "loc": { "start": { "line": 2, "column": 56 }, "end": { "line": 4, "column": 1 } }, "locations": [{ "start": { "line": 2, "column": 56 }, "end": { "line": 4, "column": 1 } }] }, "3": { "type": "branch", "line": 3, "loc": { "start": { "line": 3, "column": 35 }, "end": { "line": 3, "column": 40 } }, "locations": [{ "start": { "line": 3, "column": 35 }, "end": { "line": 3, "column": 40 } }] } }, "b": { "0": [1], "1": [1], "2": [1], "3": [0] }, "fnMap": { "0": { "name": "Object.<anonymous>", "decl": { "start": { "line": 1, "column": 0 }, "end": { "line": 21, "column": 25 } }, "loc": { "start": { "line": 1, "column": 0 }, "end": { "line": 21, "column": 25 } }, "line": 1 }, "1": { "name": "Object.<anonymous>.__importDefault", "decl": { "start": { "line": 2, "column": 56 }, "end": { "line": 4, "column": 1 } }, "loc": { "start": { "line": 2, "column": 56 }, "end": { "line": 4, "column": 1 } }, "line": 2 } }, "f": { "0": 1, "1": 1 } },
    "/Users/apple5/Desktop/Projects/Week 10 Live Project/live-project-pod-h/server/dist/utils/utils.js": { "path": "/Users/apple5/Desktop/Projects/Week 10 Live Project/live-project-pod-h/server/dist/utils/utils.js", "all": false, "statementMap": { "0": { "start": { "line": 1, "column": 0 }, "end": { "line": 1, "column": 13 } }, "1": { "start": { "line": 2, "column": 0 }, "end": { "line": 2, "column": 72 } }, "2": { "start": { "line": 3, "column": 0 }, "end": { "line": 3, "column": 62 } }, "3": { "start": { "line": 4, "column": 0 }, "end": { "line": 4, "column": 2 } }, "4": { "start": { "line": 5, "column": 0 }, "end": { "line": 5, "column": 62 } }, "5": { "start": { "line": 6, "column": 0 }, "end": { "line": 6, "column": 31 } }, "6": { "start": { "line": 7, "column": 0 }, "end": { "line": 7, "column": 64 } }, "7": { "start": { "line": 8, "column": 0 }, "end": { "line": 8, "column": 33 } }, "8": { "start": { "line": 9, "column": 0 }, "end": { "line": 9, "column": 40 } }, "9": { "start": { "line": 10, "column": 0 }, "end": { "line": 10, "column": 72 } }, "10": { "start": { "line": 11, "column": 0 }, "end": { "line": 11, "column": 2 } }, "11": { "start": { "line": 12, "column": 0 }, "end": { "line": 12, "column": 38 } } }, "s": { "0": 1, "1": 1, "2": 1, "3": 1, "4": 1, "5": 1, "6": 1, "7": 1, "8": 1, "9": 1, "10": 1, "11": 1 }, "branchMap": { "0": { "type": "branch", "line": 1, "loc": { "start": { "line": 1, "column": 0 }, "end": { "line": 12, "column": 38 } }, "locations": [{ "start": { "line": 1, "column": 0 }, "end": { "line": 12, "column": 38 } }] }, "1": { "type": "branch", "line": 1, "loc": { "start": { "line": 1, "column": 0 }, "end": { "line": 12, "column": 38 } }, "locations": [{ "start": { "line": 1, "column": 0 }, "end": { "line": 12, "column": 38 } }] }, "2": { "type": "branch", "line": 2, "loc": { "start": { "line": 2, "column": 56 }, "end": { "line": 4, "column": 1 } }, "locations": [{ "start": { "line": 2, "column": 56 }, "end": { "line": 4, "column": 1 } }] }, "3": { "type": "branch", "line": 3, "loc": { "start": { "line": 3, "column": 35 }, "end": { "line": 3, "column": 40 } }, "locations": [{ "start": { "line": 3, "column": 35 }, "end": { "line": 3, "column": 40 } }] }, "4": { "type": "branch", "line": 8, "loc": { "start": { "line": 8, "column": 22 }, "end": { "line": 11, "column": 1 } }, "locations": [{ "start": { "line": 8, "column": 22 }, "end": { "line": 11, "column": 1 } }] } }, "b": { "0": [1], "1": [1], "2": [1], "3": [0], "4": [1] }, "fnMap": { "0": { "name": "Object.<anonymous>", "decl": { "start": { "line": 1, "column": 0 }, "end": { "line": 12, "column": 38 } }, "loc": { "start": { "line": 1, "column": 0 }, "end": { "line": 12, "column": 38 } }, "line": 1 }, "1": { "name": "Object.<anonymous>.__importDefault", "decl": { "start": { "line": 2, "column": 56 }, "end": { "line": 4, "column": 1 } }, "loc": { "start": { "line": 2, "column": 56 }, "end": { "line": 4, "column": 1 } }, "line": 2 }, "2": { "name": "generateToken", "decl": { "start": { "line": 8, "column": 22 }, "end": { "line": 11, "column": 1 } }, "loc": { "start": { "line": 8, "column": 22 }, "end": { "line": 11, "column": 1 } }, "line": 8 } }, "f": { "0": 1, "1": 1, "2": 1 } },
    "/Users/apple5/Desktop/Projects/Week 10 Live Project/live-project-pod-h/server/dist/utils/validation.js": { "path": "/Users/apple5/Desktop/Projects/Week 10 Live Project/live-project-pod-h/server/dist/utils/validation.js", "all": false, "statementMap": { "0": { "start": { "line": 1, "column": 0 }, "end": { "line": 1, "column": 13 } }, "1": { "start": { "line": 2, "column": 0 }, "end": { "line": 2, "column": 72 } }, "2": { "start": { "line": 3, "column": 0 }, "end": { "line": 3, "column": 62 } }, "3": { "start": { "line": 4, "column": 0 }, "end": { "line": 4, "column": 2 } }, "4": { "start": { "line": 5, "column": 0 }, "end": { "line": 5, "column": 62 } }, "5": { "start": { "line": 6, "column": 0 }, "end": { "line": 6, "column": 159 } }, "6": { "start": { "line": 7, "column": 0 }, "end": { "line": 7, "column": 52 } }, "7": { "start": { "line": 8, "column": 0 }, "end": { "line": 8, "column": 26 } }, "8": { "start": { "line": 9, "column": 0 }, "end": { "line": 9, "column": 46 } }, "9": { "start": { "line": 10, "column": 0 }, "end": { "line": 10, "column": 64 } }, "10": { "start": { "line": 11, "column": 0 }, "end": { "line": 11, "column": 49 } }, "11": { "start": { "line": 12, "column": 0 }, "end": { "line": 12, "column": 56 } }, "12": { "start": { "line": 13, "column": 0 }, "end": { "line": 13, "column": 55 } }, "13": { "start": { "line": 14, "column": 0 }, "end": { "line": 14, "column": 55 } }, "14": { "start": { "line": 15, "column": 0 }, "end": { "line": 15, "column": 65 } }, "15": { "start": { "line": 16, "column": 0 }, "end": { "line": 16, "column": 39 } }, "16": { "start": { "line": 17, "column": 0 }, "end": { "line": 17, "column": 19 } }, "17": { "start": { "line": 18, "column": 0 }, "end": { "line": 18, "column": 28 } }, "18": { "start": { "line": 19, "column": 0 }, "end": { "line": 19, "column": 20 } }, "19": { "start": { "line": 20, "column": 0 }, "end": { "line": 20, "column": 48 } }, "20": { "start": { "line": 21, "column": 0 }, "end": { "line": 21, "column": 50 } }, "21": { "start": { "line": 22, "column": 0 }, "end": { "line": 22, "column": 39 } }, "22": { "start": { "line": 23, "column": 0 }, "end": { "line": 23, "column": 51 } }, "23": { "start": { "line": 24, "column": 0 }, "end": { "line": 24, "column": 54 } }, "24": { "start": { "line": 25, "column": 0 }, "end": { "line": 25, "column": 44 } }, "25": { "start": { "line": 26, "column": 0 }, "end": { "line": 26, "column": 43 } }, "26": { "start": { "line": 27, "column": 0 }, "end": { "line": 27, "column": 3 } }, "27": { "start": { "line": 28, "column": 0 }, "end": { "line": 28, "column": 59 } }, "28": { "start": { "line": 29, "column": 0 }, "end": { "line": 29, "column": 45 } }, "29": { "start": { "line": 30, "column": 0 }, "end": { "line": 30, "column": 44 } }, "30": { "start": { "line": 31, "column": 0 }, "end": { "line": 31, "column": 39 } }, "31": { "start": { "line": 32, "column": 0 }, "end": { "line": 32, "column": 19 } }, "32": { "start": { "line": 33, "column": 0 }, "end": { "line": 33, "column": 28 } }, "33": { "start": { "line": 34, "column": 0 }, "end": { "line": 34, "column": 3 } }, "34": { "start": { "line": 35, "column": 0 }, "end": { "line": 35, "column": 16 } }, "35": { "start": { "line": 36, "column": 0 }, "end": { "line": 36, "column": 33 } }, "36": { "start": { "line": 37, "column": 0 }, "end": { "line": 37, "column": 40 } }, "37": { "start": { "line": 38, "column": 0 }, "end": { "line": 38, "column": 72 } }, "38": { "start": { "line": 39, "column": 0 }, "end": { "line": 39, "column": 2 } }, "39": { "start": { "line": 40, "column": 0 }, "end": { "line": 40, "column": 38 } }, "40": { "start": { "line": 41, "column": 0 }, "end": { "line": 41, "column": 53 } }, "41": { "start": { "line": 42, "column": 0 }, "end": { "line": 42, "column": 11 } }, "42": { "start": { "line": 43, "column": 0 }, "end": { "line": 43, "column": 48 } }, "43": { "start": { "line": 44, "column": 0 }, "end": { "line": 44, "column": 40 } }, "44": { "start": { "line": 45, "column": 0 }, "end": { "line": 45, "column": 45 } }, "45": { "start": { "line": 46, "column": 0 }, "end": { "line": 46, "column": 19 } }, "46": { "start": { "line": 47, "column": 0 }, "end": { "line": 47, "column": 34 } }, "47": { "start": { "line": 48, "column": 0 }, "end": { "line": 48, "column": 63 } }, "48": { "start": { "line": 49, "column": 0 }, "end": { "line": 49, "column": 2 } }, "49": { "start": { "line": 50, "column": 0 }, "end": { "line": 50, "column": 41 } }, "50": { "start": { "line": 51, "column": 0 }, "end": { "line": 51, "column": 77 } }, "51": { "start": { "line": 52, "column": 0 }, "end": { "line": 52, "column": 58 } }, "52": { "start": { "line": 53, "column": 0 }, "end": { "line": 53, "column": 60 } }, "53": { "start": { "line": 54, "column": 0 }, "end": { "line": 54, "column": 5 } }, "54": { "start": { "line": 55, "column": 0 }, "end": { "line": 55, "column": 19 } }, "55": { "start": { "line": 56, "column": 0 }, "end": { "line": 56, "column": 22 } }, "56": { "start": { "line": 57, "column": 0 }, "end": { "line": 57, "column": 13 } }, "57": { "start": { "line": 58, "column": 0 }, "end": { "line": 58, "column": 15 } }, "58": { "start": { "line": 59, "column": 0 }, "end": { "line": 59, "column": 21 } }, "59": { "start": { "line": 60, "column": 0 }, "end": { "line": 60, "column": 9 } }, "60": { "start": { "line": 61, "column": 0 }, "end": { "line": 61, "column": 5 } }, "61": { "start": { "line": 62, "column": 0 }, "end": { "line": 62, "column": 2 } } }, "s": { "0": 1, "1": 1, "2": 3, "3": 1, "4": 1, "5": 1, "6": 1, "7": 1, "8": 1, "9": 1, "10": 1, "11": 1, "12": 1, "13": 1, "14": 1, "15": 1, "16": 1, "17": 1, "18": 1, "19": 1, "20": 1, "21": 1, "22": 1, "23": 1, "24": 1, "25": 1, "26": 1, "27": 1, "28": 1, "29": 1, "30": 1, "31": 1, "32": 1, "33": 1, "34": 1, "35": 1, "36": 0, "37": 0, "38": 1, "39": 1, "40": 1, "41": 1, "42": 1, "43": 1, "44": 1, "45": 1, "46": 1, "47": 1, "48": 1, "49": 1, "50": 1, "51": 1, "52": 1, "53": 1, "54": 1, "55": 1, "56": 1, "57": 1, "58": 1, "59": 1, "60": 1, "61": 1 }, "branchMap": { "0": { "type": "branch", "line": 1, "loc": { "start": { "line": 1, "column": 0 }, "end": { "line": 62, "column": 2 } }, "locations": [{ "start": { "line": 1, "column": 0 }, "end": { "line": 62, "column": 2 } }] }, "1": { "type": "branch", "line": 1, "loc": { "start": { "line": 1, "column": 0 }, "end": { "line": 62, "column": 2 } }, "locations": [{ "start": { "line": 1, "column": 0 }, "end": { "line": 62, "column": 2 } }] }, "2": { "type": "branch", "line": 2, "loc": { "start": { "line": 2, "column": 56 }, "end": { "line": 4, "column": 1 } }, "locations": [{ "start": { "line": 2, "column": 56 }, "end": { "line": 4, "column": 1 } }] }, "3": { "type": "branch", "line": 3, "loc": { "start": { "line": 3, "column": 35 }, "end": { "line": 3, "column": 40 } }, "locations": [{ "start": { "line": 3, "column": 35 }, "end": { "line": 3, "column": 40 } }] } }, "b": { "0": [1], "1": [1], "2": [3], "3": [0] }, "fnMap": { "0": { "name": "Object.<anonymous>", "decl": { "start": { "line": 1, "column": 0 }, "end": { "line": 62, "column": 2 } }, "loc": { "start": { "line": 1, "column": 0 }, "end": { "line": 62, "column": 2 } }, "line": 1 }, "1": { "name": "Object.<anonymous>.__importDefault", "decl": { "start": { "line": 2, "column": 56 }, "end": { "line": 4, "column": 1 } }, "loc": { "start": { "line": 2, "column": 56 }, "end": { "line": 4, "column": 1 } }, "line": 2 }, "2": { "name": "generateToken", "decl": { "start": { "line": 36, "column": 22 }, "end": { "line": 39, "column": 1 } }, "loc": { "start": { "line": 36, "column": 22 }, "end": { "line": 39, "column": 1 } }, "line": 36 } }, "f": { "0": 1, "1": 3, "2": 0 } },
    "/Users/apple5/Desktop/Projects/Week 10 Live Project/live-project-pod-h/server/src/app.ts": { "path": "/Users/apple5/Desktop/Projects/Week 10 Live Project/live-project-pod-h/server/src/app.ts", "all": false, "statementMap": { "0": { "start": { "line": 1, "column": 0 }, "end": { "line": 1, "column": 28 } }, "1": { "start": { "line": 2, "column": 0 }, "end": { "line": 2, "column": 38 } }, "2": { "start": { "line": 3, "column": 0 }, "end": { "line": 3, "column": 67 } }, "3": { "start": { "line": 4, "column": 0 }, "end": { "line": 4, "column": 24 } }, "4": { "start": { "line": 5, "column": 0 }, "end": { "line": 5, "column": 41 } }, "5": { "start": { "line": 6, "column": 0 }, "end": { "line": 6, "column": 28 } }, "6": { "start": { "line": 7, "column": 0 }, "end": { "line": 7, "column": 42 } }, "7": { "start": { "line": 8, "column": 0 }, "end": { "line": 8, "column": 24 } }, "8": { "start": { "line": 9, "column": 0 }, "end": { "line": 9, "column": 22 } }, "9": { "start": { "line": 10, "column": 0 }, "end": { "line": 10, "column": 0 } }, "10": { "start": { "line": 11, "column": 0 }, "end": { "line": 11, "column": 0 } }, "11": { "start": { "line": 12, "column": 0 }, "end": { "line": 12, "column": 39 } }, "12": { "start": { "line": 13, "column": 0 }, "end": { "line": 13, "column": 0 } }, "13": { "start": { "line": 14, "column": 0 }, "end": { "line": 14, "column": 0 } }, "14": { "start": { "line": 15, "column": 0 }, "end": { "line": 15, "column": 9 } }, "15": { "start": { "line": 16, "column": 0 }, "end": { "line": 16, "column": 15 } }, "16": { "start": { "line": 17, "column": 0 }, "end": { "line": 17, "column": 50 } }, "17": { "start": { "line": 18, "column": 0 }, "end": { "line": 18, "column": 4 } }, "18": { "start": { "line": 19, "column": 0 }, "end": { "line": 19, "column": 19 } }, "19": { "start": { "line": 20, "column": 0 }, "end": { "line": 20, "column": 21 } }, "20": { "start": { "line": 21, "column": 0 }, "end": { "line": 21, "column": 5 } }, "21": { "start": { "line": 22, "column": 0 }, "end": { "line": 22, "column": 0 } }, "22": { "start": { "line": 23, "column": 0 }, "end": { "line": 23, "column": 22 } }, "23": { "start": { "line": 24, "column": 0 }, "end": { "line": 24, "column": 0 } }, "24": { "start": { "line": 25, "column": 0 }, "end": { "line": 25, "column": 16 } }, "25": { "start": { "line": 26, "column": 0 }, "end": { "line": 26, "column": 24 } }, "26": { "start": { "line": 27, "column": 0 }, "end": { "line": 27, "column": 24 } }, "27": { "start": { "line": 28, "column": 0 
[...]
e": 37, "column": 11 } }, "37": { "start": { "line": 38, "column": 0 }, "end": { "line": 38, "column": 17 } }, "38": { "start": { "line": 39, "column": 0 }, "end": { "line": 39, "column": 20 } }, "39": { "start": { "line": 40, "column": 0 }, "end": { "line": 40, "column": 15 } }, "40": { "start": { "line": 41, "column": 0 }, "end": { "line": 41, "column": 35 } }, "41": { "start": { "line": 42, "column": 0 }, "end": { "line": 42, "column": 7 } }, "42": { "start": { "line": 43, "column": 0 }, "end": { "line": 43, "column": 11 } }, "43": { "start": { "line": 44, "column": 0 }, "end": { "line": 44, "column": 3 } }, "44": { "start": { "line": 45, "column": 0 }, "end": { "line": 45, "column": 1 } }, "45": { "start": { "line": 46, "column": 0 }, "end": { "line": 46, "column": 2 } } }, "s": { "0": 1, "1": 1, "2": 1, "3": 1, "4": 1, "5": 1, "6": 1, "7": 1, "8": 1, "9": 0, "10": 0, "11": 0, "12": 0, "13": 0, "14": 1, "15": 1, "16": 1, "17": 1, "18": 1, "19": 0, "20": 0, "21": 0, "22": 0, "23": 0, "24": 0, "25": 1, "26": 1, "27": 1, "28": 1, "29": 0, "30": 0, "31": 0, "32": 0, "33": 0, "34": 0, "35": 1, "36": 1, "37": 1, "38": 0, "39": 0, "40": 0, "41": 0, "42": 0, "43": 0, "44": 1, "45": 1 }, "branchMap": { "0": { "type": "branch", "line": 6, "loc": { "start": { "line": 6, "column": 7 }, "end": { "line": 46, "column": 2 } }, "locations": [{ "start": { "line": 6, "column": 7 }, "end": { "line": 46, "column": 2 } }] }, "1": { "type": "branch", "line": 9, "loc": { "start": { "line": 9, "column": 22 }, "end": { "line": 9, "column": 46 } }, "locations": [{ "start": { "line": 9, "column": 22 }, "end": { "line": 9, "column": 46 } }] }, "2": { "type": "branch", "line": 9, "loc": { "start": { "line": 9, "column": 47 }, "end": { "line": 14, "column": 6 } }, "locations": [{ "start": { "line": 9, "column": 47 }, "end": { "line": 14, "column": 6 } }] }, "3": { "type": "branch", "line": 16, "loc": { "start": { "line": 16, "column": 73 }, "end": { "line": 16, "column": 96 } }, "locations": [{ "start": { "line": 16, "column": 73 }, "end": { "line": 16, "column": 96 } }] }, "4": { "type": "branch", "line": 19, "loc": { "start": { "line": 19, "column": 18 }, "end": { "line": 25, "column": 6 } }, "locations": [{ "start": { "line": 19, "column": 18 }, "end": { "line": 25, "column": 6 } }] }, "5": { "type": "branch", "line": 29, "loc": { "start": { "line": 29, "column": 14 }, "end": { "line": 35, "column": 6 } }, "locations": [{ "start": { "line": 29, "column": 14 }, "end": { "line": 35, "column": 6 } }] }, "6": { "type": "branch", "line": 38, "loc": { "start": { "line": 38, "column": 3 }, "end": { "line": 44, "column": 3 } }, "locations": [{ "start": { "line": 38, "column": 3 }, "end": { "line": 44, "column": 3 } }] } }, "b": { "0": [1], "1": [0], "2": [0], "3": [0], "4": [0], "5": [0], "6": [0] }, "fnMap": { "0": { "name": "auth", "decl": { "start": { "line": 6, "column": 7 }, "end": { "line": 46, "column": 2 } }, "loc": { "start": { "line": 6, "column": 7 }, "end": { "line": 46, "column": 2 } }, "line": 6 } }, "f": { "0": 1 } },
    "/Users/apple5/Desktop/Projects/Week 10 Live Project/live-project-pod-h/server/src/models/user.ts": { "path": "/Users/apple5/Desktop/Projects/Week 10 Live Project/live-project-pod-h/server/src/models/user.ts", "all": false, "statementMap": { "0": { "start": { "line": 1, "column": 0 }, "end": { "line": 1, "column": 45 } }, "1": { "start": { "line": 2, "column": 0 }, "end": { "line": 2, "column": 43 } }, "2": { "start": { "line": 3, "column": 0 }, "end": { "line": 3, "column": 0 } }, "3": { "start": { "line": 4, "column": 0 }, "end": { "line": 4, "column": 4 } }, "4": { "start": { "line": 5, "column": 0 }, "end": { "line": 5, "column": 25 } }, "5": { "start": { "line": 6, "column": 0 }, "end": { "line": 6, "column": 13 } }, "6": { "start": { "line": 7, "column": 0 }, "end": { "line": 7, "column": 22 } }, "7": { "start": { "line": 8, "column": 0 }, "end": { "line": 8, "column": 21 } }, "8": { "start": { "line": 9, "column": 0 }, "end": { "line": 9, "column": 21 } }, "9": { "start": { "line": 10, "column": 0 }, "end": { "line": 10, "column": 18 } }, "10": { "start": { "line": 11, "column": 0 }, "end": { "line": 11, "column": 24 } }, "11": { "start": { "line": 12, "column": 0 }, "end": { "line": 12, "column": 21 } }, "12": { "start": { "line": 13, "column": 0 }, "end": { "line": 13, "column": 24 } }, "13": { "start": { "line": 14, "column": 0 }, "end": { "line": 14, "column": 19 } }, "14": { "start": { "line": 15, "column": 0 }, "end": { "line": 15, "column": 3 } }, "15": { "start": { "line": 16, "column": 0 }, "end": { "line": 16, "column": 57 } }, "16": { "start": { "line": 17, "column": 0 }, "end": { "line": 17, "column": 0 } }, "17": { "start": { "line": 18, "column": 0 }, "end": { "line": 18, "column": 0 } }, "18": { "start": { "line": 19, "column": 0 }, "end": { "line": 19, "column": 19 } }, "19": { "start": { "line": 20, "column": 0 }, "end": { "line": 20, "column": 9 } }, "20": { "start": { "line": 21, "column": 0 }, "end": { "line": 21, "column": 31 } }, "21": { "start": { "line": 22, "column": 0 }, "end": { "line": 22, "column": 25 } }, "22": { "start": { "line": 23, "column": 0 }, "end": { "line": 23, "column": 23 } }, "23": { "start": { "line": 24, "column": 0 }, "end": { "line": 24, "column": 6 } }, "24": { "start": { "line": 25, "column": 0 }, "end": { "line": 25, "column": 0 } }, "25": { "start": { "line": 26, "column": 0 }, "end": { "line": 26, "column": 16 } }, "26": { "start": { "line": 27, "column": 0 }, "end": { "line": 27, "column": 31 } }, "27": { "start": { "line": 28, "column": 0 }, "end": { "line": 28, "column": 24 } }, "28": { "start": { "line": 29, "column": 0 }, "end": { "line": 29, "column": 6 } }, "29": { "start": { "line": 30, "column": 0 }, "end": { "line": 30, "column": 15 } }, "30": { "start": { "line": 31, "column": 0 }, "end": { "line": 31, "column": 31 } }, "31": { "start": { "line": 32, "column": 0 }, "end": { "line": 32, "column": 24 } }, "32": { "start": { "line": 33, "column": 0 }, "end": { "line": 33, "column": 6 } }, "33": { "start": { "line": 34, "column": 0 }, "end": { "line": 34, "column": 15 } }, "34": { "start": { "line": 35, "column": 0 }, "end": { "line": 35, "column": 31 } }, "35": { "start": { "line": 36, "column": 0 }, "end": { "line": 36, "column": 24 } }, "36": { "start": { "line": 37, "column": 0 }, "end": { "line": 37, "column": 6 } }, "37": { "start": { "line": 38, "column": 0 }, "end": { "line": 38, "column": 12 } }, "38": { "start": { "line": 39, "column": 0 }, "end": { "line": 39, "column": 31 } }, "39": { "start": { "line": 40, "column": 0 }, "end": { "line": 40, "column": 24 } }, "40": { "start": { "line": 41, "column": 0 }, "end": { "line": 41, "column": 6 } }, "41": { "start": { "line": 42, "column": 0 }, "end": { "line": 42, "column": 18 } }, "42": { "start": { "line": 43, "column": 0 }, "end": { "line": 43, "column": 29 } }, "43": { "start": { "line": 44, "column": 0 }, "end": { "line": 44, "column": 24 } }, "44": { "start": { "line": 45, "column": 0 }, "end": { "line": 45, "column": 6 } }, "45": { "start": { "line": 46, "column": 0 }, "end": { "line": 46, "column": 15 } }, "46": { "start": { "line": 47, "column": 0 }, "end": { "line": 47, "column": 31 } }, "47": { "start": { "line": 48, "column": 0 }, "end": { "line": 48, "column": 24 } }, "48": { "start": { "line": 49, "column": 0 }, "end": { "line": 49, "column": 6 } }, "49": { "start": { "line": 50, "column": 0 }, "end": { "line": 50, "column": 17 } }, "50": { "start": { "line": 51, "column": 0 }, "end": { "line": 51, "column": 32 } }, "51": { "start": { "line": 52, "column": 0 }, "end": { "line": 52, "column": 23 } }, "52": { "start": { "line": 53, "column": 0 }, "end": { "line": 53, "column": 8 } }, "53": { "start": { "line": 54, "column": 0 }, "end": { "line": 54, "column": 6 } }, "54": { "start": { "line": 55, "column": 0 }, "end": { "line": 55, "column": 13 } }, "55": { "start": { "line": 56, "column": 0 }, "end": { "line": 56, "column": 31 } }, "56": { "start": { "line": 57, "column": 0 }, "end": { "line": 57, "column": 23 } }, "57": { "start": { "line": 58, "column": 0 }, "end": { "line": 58, "column": 6 } }, "58": { "start": { "line": 59, "column": 0 }, "end": { "line": 59, "column": 2 } }, "59": { "start": { "line": 60, "column": 0 }, "end": { "line": 60, "column": 5 } }, "60": { "start": { "line": 61, "column": 0 }, "end": { "line": 61, "column": 22 } }, "61": { "start": { "line": 62, "column": 0 }, "end": { "line": 62, "column": 30 } }, "62": { "start": { "line": 63, "column": 0 }, "end": { "line": 63, "column": 5 } }, "63": { "start": { "line": 64, "column": 0 }, "end": { "line": 64, "column": 0 } }, "64": { "start": { "line": 65, "column": 0 }, "end": { "line": 65, "column": 4 } }, "65": { "start": { "line": 66, "column": 0 }, "end": { "line": 66, "column": 5 } } }, "s": { "0": 1, "1": 1, "2": 1, "3": 1, "4": 1, "5": 1, "6": 1, "7": 1, "8": 1, "9": 1, "10": 1, "11": 1, "12": 1, "13": 1, "14": 1, "15": 1, "16": 1, "17": 1, "18": 1, "19": 1, "20": 1, "21": 1, "22": 1, "23": 1, "24": 1, "25": 1, "26": 1, "27": 1, "28": 1, "29": 1, "30": 1, "31": 1, "32": 1, "33": 1, "34": 1, "35": 1, "36": 1, "37": 1, "38": 1, "39": 1, "40": 1, "41": 1, "42": 1, "43": 1, "44": 1, "45": 1, "46": 1, "47": 1, "48": 1, "49": 1, "50": 1, "51": 1, "52": 1, "53": 1, "54": 1, "55": 1, "56": 1, "57": 1, "58": 1, "59": 1, "60": 1, "61": 1, "62": 1, "63": 1, "64": 1, "65": 1 }, "branchMap": {}, "b": {}, "fnMap": {}, "f": {} },
    "/Users/apple5/Desktop/Projects/Week 10 Live Project/live-project-pod-h/server/src/routes/user.ts": { "path": "/Users/apple5/Desktop/Projects/Week 10 Live Project/live-project-pod-h/server/src/routes/user.ts", "all": false, "statementMap": { "0": { "start": { "line": 1, "column": 0 }, "end": { "line": 1, "column": 30 } }, "1": { "start": { "line": 2, "column": 0 }, "end": { "line": 2, "column": 31 } }, "2": { "start": { "line": 3, "column": 0 }, "end": { "line": 3, "column": 91 } }, "3": { "start": { "line": 4, "column": 0 }, "end": { "line": 4, "column": 42 } }, "4": { "start": { "line": 5, "column": 0 }, "end": { "line": 5, "column": 120 } }, "5": { "start": { "line": 6, "column": 0 }, "end": { "line": 6, "column": 0 } }, "6": { "start": { "line": 7, "column": 0 }, "end": { "line": 7, "column": 49 } }, "7": { "start": { "line": 8, "column": 0 }, "end": { "line": 8, "column": 31 } }, "8": { "start": { "line": 9, "column": 0 }, "end": { "line": 9, "column": 41 } }, "9": { "start": { "line": 10, "column": 0 }, "end": { "line": 10, "column": 19 } }, "10": { "start": { "line": 11, "column": 0 }, "end": { "line": 11, "column": 2 } }, "11": { "start": { "line": 12, "column": 0 }, "end": { "line": 12, "column": 47 } }, "12": { "start": { "line": 13, "column": 0 }, "end": { "line": 13, "column": 0 } }, "13": { "start": { "line": 14, "column": 0 }, "end": { "line": 14, "column": 0 } }, "14": { "start": { "line": 15, "column": 0 }, "end": { "line": 15, "column": 37 } }, "15": { "start": { "line": 16, "column": 0 }, "end": { "line": 16, "column": 33 } }, "16": { "start": { "line": 17, "column": 0 }, "end": { "line": 17, "column": 47 } }, "17": { "start": { "line": 18, "column": 0 }, "end": { "line": 18, "column": 53 } }, "18": { "start": { "line": 19, "column": 0 }, "end": { "line": 19, "column": 0 } }, "19": { "start": { "line": 20, "column": 0 }, "end": { "line": 20, "column": 22 } } }, "s": { "0": 1, "1": 1, "2": 1, "3": 1, "4": 1, "5": 1, "6": 1, "7": 0, "8": 0, "9": 0, "10": 0, "11": 1, "12": 1, "13": 1, "14": 1, "15": 1, "16": 1, "17": 1, "18": 1, "19": 1 }, "branchMap": {}, "b": {}, "fnMap": {}, "f": {} },
    "/Users/apple5/Desktop/Projects/Week 10 Live Project/live-project-pod-h/server/src/utils/utils.ts": { "path": "/Users/apple5/Desktop/Projects/Week 10 Live Project/live-project-pod-h/server/src/utils/utils.ts", "all": false, "statementMap": { "0": { "start": { "line": 1, "column": 0 }, "end": { "line": 1, "column": 30 } }, "1": { "start": { "line": 2, "column": 0 }, "end": { "line": 2, "column": 21 } }, "2": { "start": { "line": 3, "column": 0 }, "end": { "line": 3, "column": 31 } }, "3": { "start": { "line": 4, "column": 0 }, "end": { "line": 4, "column": 0 } }, "4": { "start": { "line": 5, "column": 0 }, "end": { "line": 5, "column": 67 } }, "5": { "start": { "line": 6, "column": 0 }, "end": { "line": 6, "column": 49 } }, "6": { "start": { "line": 7, "column": 0 }, "end": { "line": 7, "column": 49 } }, "7": { "start": { "line": 8, "column": 0 }, "end": { "line": 8, "column": 1 } } }, "s": { "0": 1, "1": 1, "2": 1, "3": 1, "4": 1, "5": 1, "6": 1, "7": 1 }, "branchMap": { "0": { "type": "branch", "line": 5, "loc": { "start": { "line": 5, "column": 27 }, "end": { "line": 8, "column": 1 } }, "locations": [{ "start": { "line": 5, "column": 27 }, "end": { "line": 8, "column": 1 } }] } }, "b": { "0": [1] }, "fnMap": { "0": { "name": "generateToken", "decl": { "start": { "line": 5, "column": 27 }, "end": { "line": 8, "column": 1 } }, "loc": { "start": { "line": 5, "column": 27 }, "end": { "line": 8, "column": 1 } }, "line": 5 } }, "f": { "0": 1 } },
    "/Users/apple5/Desktop/Projects/Week 10 Live Project/live-project-pod-h/server/src/utils/validation.ts": { "path": "/Users/apple5/Desktop/Projects/Week 10 Live Project/live-project-pod-h/server/src/utils/validation.ts", "all": false, "statementMap": { "0": { "start": { "line": 1, "column": 0 }, "end": { "line": 1, "column": 28 } }, "1": { "start": { "line": 2, "column": 0 }, "end": { "line": 2, "column": 16 } }, "2": { "start": { "line": 3, "column": 0 }, "end": { "line": 3, "column": 30 } }, "3": { "start": { "line": 4, "column": 0 }, "end": { "line": 4, "column": 22 } }, "4": { "start": { "line": 5, "column": 0 }, "end": { "line": 5, "column": 31 } }, "5": { "start": { "line": 6, "column": 0 }, "end": { "line": 6, "column": 0 } }, "6": { "start": { "line": 7, "column": 0 }, "end": { "line": 7, "column": 44 } }, "7": { "start": { "line": 8, "column": 0 }, "end": { "line": 8, "column": 44 } }, "8": { "start": { "line": 9, "column": 0 }, "end": { "line": 9, "column": 43 } }, "9": { "start": { "line": 10, "column": 0 }, "end": { "line": 10, "column": 43 } }, "10": { "start": { "line": 11, "column": 0 }, "end": { "line": 11, "column": 53 } }, "11": { "start": { "line": 12, "column": 0 }, "end": { "line": 12, "column": 27 } }, "12": { "start": { "line": 13, "column": 0 }, "end": { "line": 13, "column": 15 } }, "13": { "start": { "line": 14, "column": 0 }, "end": { "line": 14, "column": 24 } }, "14": { "start": { "line": 15, "column": 0 }, "end": { "line": 15, "column": 16 } }, "15": { "start": { "line": 16, "column": 0 }, "end": { "line": 16, "column": 36 } }, "16": { "start": { "line": 17, "column": 0 }, "end": { "line": 17, "column": 38 } }, "17": { "start": { "line": 18, "column": 0 }, "end": { "line": 18, "column": 39 } }, "18": { "start": { "line": 19, "column": 0 }, "end": { "line": 19, "column": 0 } }, "19": { "start": { "line": 20, "column": 0 }, "end": { "line": 20, "column": 46 } }, "20": { "start": { "line": 21, "column": 0 }, "end": { "line": 21, "column": 42 } }, "21": { "start": { "line": 22, "column": 0 }, "end": { "line": 22, "column": 32 } }, "22": { "start": { "line": 23, "column": 0 }, "end": { "line": 23, "column": 31 } }, "23": { "start": { "line": 24, "column": 0 }, "end": { "line": 24, "column": 3 } }, "24": { "start": { "line": 25, "column": 0 }, "end": { "line": 25, "column": 0 } }, "25": { "start": { "line": 26, "column": 0 }, "end": { "line": 26, "column": 54 } }, "26": { "start": { "line": 27, "column": 0 }, "end": { "line": 27, "column": 33 } }, "27": { "start": { "line": 28, "column": 0 }, "end": { "line": 28, "column": 32 } }, "28": { "start": { "line": 29, "column": 0 }, "end": { "line": 29, "column": 26 } }, "29": { "start": { "line": 30, "column": 0 }, "end": { "line": 30, "column": 13 } }, "30": { "start": { "line": 31, "column": 0 }, "end": { "line": 31, "column": 22 } }, "31": { "start": { "line": 32, "column": 0 }, "end": { "line": 32, "column": 2 } }, "32": { "start": { "line": 33, "column": 0 }, "end": { "line": 33, "column": 0 } }, "33": { "start": { "line": 34, "column": 0 }, "end": { "line": 34, "column": 16 } }, "34": { "start": { "line": 35, "column": 0 }, "end": { "line": 35, "column": 77 } }, "35": { "start": { "line": 36, "column": 0 }, "end": { "line": 36, "column": 48 } }, "36": { "start": { "line": 37, "column": 0 }, "end": { "line": 37, "column": 51 } }, "37": { "start": { "line": 38, "column": 0 }, "end": { "line": 38, "column": 2 } }, "38": { "start": { "line": 39, "column": 0 }, "end": { "line": 39, "column": 0 } }, "39": { "start": { "line": 40, "column": 0 }, "end": { "line": 40, "column": 0 } }, "40": { "start": { "line": 41, "column": 0 }, "end": { "line": 41, "column": 48 } }, "41": { "start": { "line": 42, "column": 0 }, "end": { "line": 42, "column": 9 } }, "42": { "start": { "line": 43, "column": 0 }, "end": { "line": 43, "column": 38 } }, "43": { "start": { "line": 44, "column": 0 }, "end": { "line": 44, "column": 30 } }, "44": { "start": { "line": 45, "column": 0 }, "end": { "line": 45, "column": 33 } }, "45": { "start": { "line": 46, "column": 0 }, "end": { "line": 46, "column": 0 } }, "46": { "start": { "line": 47, "column": 0 }, "end": { "line": 47, "column": 17 } }, "47": { "start": { "line": 48, "column": 0 }, "end": { "line": 48, "column": 0 } }, "48": { "start": { "line": 49, "column": 0 }, "end": { "line": 49, "column": 32 } }, "49": { "start": { "line": 50, "column": 0 }, "end": { "line": 50, "column": 0 } }, "50": { "start": { "line": 51, "column": 0 }, "end": { "line": 51, "column": 61 } }, "51": { "start": { "line": 52, "column": 0 }, "end": { "line": 52, "column": 4 } }, "52": { "start": { "line": 53, "column": 0 }, "end": { "line": 53, "column": 39 } }, "53": { "start": { "line": 54, "column": 0 }, "end": { "line": 54, "column": 0 } }, "54": { "start": { "line": 55, "column": 0 }, "end": { "line": 55, "column": 77 } }, "55": { "start": { "line": 56, "column": 0 }, "end": { "line": 56, "column": 58 } }, "56": { "start": { "line": 57, "column": 0 }, "end": { "line": 57, "column": 60 } }, "57": { "start": { "line": 58, "column": 0 }, "end": { "line": 58, "column": 5 } }, "58": { "start": { "line": 59, "column": 0 }, "end": { "line": 59, "column": 0 } }, "59": { "start": { "line": 60, "column": 0 }, "end": { "line": 60, "column": 0 } }, "60": { "start": { "line": 61, "column": 0 }, "end": { "line": 61, "column": 24 } }, "61": { "start": { "line": 62, "column": 0 }, "end": { "line": 62, "column": 20 } }, "62": { "start": { "line": 63, "column": 0 }, "end": { "line": 63, "column": 11 } }, "63": { "start": { "line": 64, "column": 0 }, "end": { "line": 64, "column": 11 } }, "64": { "start": { "line": 65, "column": 0 }, "end": { "line": 65, "column": 15 } }, "65": { "start": { "line": 66, "column": 0 }, "end": { "line": 66, "column": 5 } }, "66": { "start": { "line": 67, "column": 0 }, "end": { "line": 67, "column": 3 } }, "67": { "start": { "line": 68, "column": 0 }, "end": { "line": 68, "column": 2 } } }, "s": { "0": 1, "1": 1, "2": 1, "3": 1, "4": 1, "5": 1, "6": 1, "7": 1, "8": 1, "9": 1, "10": 1, "11": 1, "12": 1, "13": 1, "14": 1, "15": 1, "16": 1, "17": 1, "18": 1, "19": 1, "20": 1, "21": 1, "22": 1, "23": 1, "24": 1, "25": 1, "26": 1, "27": 1, "28": 1, "29": 1, "30": 1, "31": 1, "32": 1, "33": 1, "34": 1, "35": 0, "36": 0, "37": 0, "38": 1, "39": 1, "40": 1, "41": 1, "42": 1, "43": 1, "44": 1, "45": 1, "46": 1, "47": 1, "48": 1, "49": 1, "50": 1, "51": 1, "52": 1, "53": 1, "54": 1, "55": 1, "56": 1, "57": 1, "58": 1, "59": 1, "60": 1, "61": 1, "62": 1, "63": 1, "64": 1, "65": 1, "66": 1, "67": 1 }, "branchMap": {}, "b": {}, "fnMap": { "0": { "name": "generateToken", "decl": { "start": { "line": 35, "column": 29 }, "end": { "line": 38, "column": 2 } }, "loc": { "start": { "line": 35, "column": 29 }, "end": { "line": 38, "column": 2 } }, "line": 35 } }, "f": { "0": 0 } }
}